# JRE version: Java(TM) SE Runtime Environment (8.0_211-b12) (build 1.8.0_211-b12)
# Java VM: Java HotSpot(TM) 64-Bit Server VM (25.211-b12 mixed mode linux-amd64 compressed oops)
Heap:
 PSYoungGen      total 123392K, used 8258K [0x00000000eab00000, 0x00000000f2800000, 0x0000000100000000)
  eden space 118784K, 6% used [0x00000000eab00000,0x00000000eb310b08,0x00000000f1f00000)
  from space 4608K, 0% used [0x00000000f2380000,0x00000000f2380000,0x00000000f2800000)
  to   space 4608K, 0% used [0x00000000f1f00000,0x00000000f1f00000,0x00000000f2380000)
 ParOldGen       total 54784K, used 7427K [0x00000000c0000000, 0x00000000c3580000, 0x00000000eab00000)
  object space 54784K, 13% used [0x00000000c0000000,0x00000000c0740e90,0x00000000c3580000)
 Metaspace       used 21491K, capacity 21812K, committed 22016K, reserved 1069056K
  class space    used 2928K, capacity 3021K, committed 3072K, reserved 1048576K
GC Heap History (10 events):
Event: 1.262 GC heap before
{Heap before GC invocations=1 (full 0):
 PSYoungGen      total 34304K, used 29696K [0x00000000eab00000, 0x00000000ed100000, 0x0000000100000000)
  eden space 29696K, 100% used [0x00000000eab00000,0x00000000ec800000,0x00000000ec800000)
  from space 4608K, 0% used [0x00000000ecc80000,0x00000000ecc80000,0x00000000ed100000)
  to   space 4608K, 0% used [0x00000000ec800000,0x00000000ec800000,0x00000000ecc80000)
 ParOldGen       total 77824K, used 0K [0x00000000c0000000, 0x00000000c4c00000, 0x00000000eab00000)
  object space 77824K, 0% used [0x00000000c0000000,0x00000000c0000000,0x00000000c4c00000)
 Metaspace       used 6901K, capacity 7040K, committed 7168K, reserved 1056768K
  class space    used 869K, capacity 920K, committed 1024K, reserved 1048576K
Event: 1.275 GC heap after
Heap after GC invocations=1 (full 0):
 PSYoungGen      total 34304K, used 4132K [0x00000000eab00000, 0x00000000eee00000, 0x0000000100000000)
  eden space 29696K, 0% used [0x00000000eab00000,0x00000000eab00000,0x00000000ec800000)
  from space 4608K, 89% used [0x00000000ec800000,0x00000000ecc09018,0x00000000ecc80000)
  to   space 4608K, 0% used [0x00000000ee980000,0x00000000ee980000,0x00000000eee00000)
 ParOldGen       total 77824K, used 8K [0x00000000c0000000, 0x00000000c4c00000, 0x00000000eab00000)
  object space 77824K, 0% used [0x00000000c0000000,0x00000000c0002000,0x00000000c4c00000)
 Metaspace       used 6901K, capacity 7040K, committed 7168K, reserved 1056768K
  class space    used 869K, capacity 920K, committed 1024K, reserved 1048576K
}
Event: 2.454 GC heap before
{Heap before GC invocations=2 (full 0):
 PSYoungGen      total 34304K, used 33828K [0x00000000eab00000, 0x00000000eee00000, 0x0000000100000000)
  eden space 29696K, 100% used [0x00000000eab00000,0x00000000ec800000,0x00000000ec800000)
  from space 4608K, 89% used [0x00000000ec800000,0x00000000ecc09018,0x00000000ecc80000)
  to   space 4608K, 0% used [0x00000000ee980000,0x00000000ee980000,0x00000000eee00000)
 ParOldGen       total 77824K, used 8K [0x00000000c0000000, 0x00000000c4c00000, 0x00000000eab00000)
  object space 77824K, 0% used [0x00000000c0000000,0x00000000c0002000,0x00000000c4c00000)
 Metaspace       used 11421K, capacity 11746K, committed 12032K, reserved 1058816K
  class space    used 1545K, capacity 1673K, committed 1792K, reserved 1048576K
Event: 2.476 GC heap after
Heap after GC invocations=2 (full 0):
 PSYoungGen      total 64000K, used 4587K [0x00000000eab00000, 0x00000000eee00000, 0x0000000100000000)
  eden space 59392K, 0% used [0x00000000eab00000,0x00000000eab00000,0x00000000ee500000)
  from space 4608K, 99% used [0x00000000ee980000,0x00000000eedfad58,0x00000000eee00000)
  to   space 4608K, 0% used [0x00000000ee500000,0x00000000ee500000,0x00000000ee980000)
 ParOldGen       total 77824K, used 639K [0x00000000c0000000, 0x00000000c4c00000, 0x00000000eab00000)
  object space 77824K, 0% used [0x00000000c0000000,0x00000000c009ff60,0x00000000c4c00000)
 Metaspace       used 11421K, capacity 11746K, committed 12032K, reserved 1058816K
  class space    used 1545K, capacity 1673K, committed 1792K, reserved 1048576K
}
Event: 4.925 GC heap before
{Heap before GC invocations=3 (full 0):
 PSYoungGen      total 64000K, used 63979K [0x00000000eab00000, 0x00000000eee00000, 0x0000000100000000)
  eden space 59392K, 100% used [0x00000000eab00000,0x00000000ee500000,0x00000000ee500000)
  from space 4608K, 99% used [0x00000000ee980000,0x00000000eedfad58,0x00000000eee00000)
  to   space 4608K, 0% used [0x00000000ee500000,0x00000000ee500000,0x00000000ee980000)
 ParOldGen       total 77824K, used 639K [0x00000000c0000000, 0x00000000c4c00000, 0x00000000eab00000)
  object space 77824K, 0% used [0x00000000c0000000,0x00000000c009ff60,0x00000000c4c00000)
 Metaspace       used 19935K, capacity 20206K, committed 20352K, reserved 1067008K
  class space    used 2784K, capacity 2892K, committed 2944K, reserved 1048576K
Event: 4.961 GC heap after
Heap after GC invocations=3 (full 0):
 PSYoungGen      total 64000K, used 4576K [0x00000000eab00000, 0x00000000f2800000, 0x0000000100000000)
  eden space 59392K, 0% used [0x00000000eab00000,0x00000000eab00000,0x00000000ee500000)
  from space 4608K, 99% used [0x00000000ee500000,0x00000000ee978020,0x00000000ee980000)
  to   space 4608K, 0% used [0x00000000f2380000,0x00000000f2380000,0x00000000f2800000)
 ParOldGen       total 77824K, used 7845K [0x00000000c0000000, 0x00000000c4c00000, 0x00000000eab00000)
  object space 77824K, 10% used [0x00000000c0000000,0x00000000c07a9700,0x00000000c4c00000)
 Metaspace       used 19935K, capacity 20206K, committed 20352K, reserved 1067008K
  class space    used 2784K, capacity 2892K, committed 2944K, reserved 1048576K
}
Event: 5.248 GC heap before
{Heap before GC invocations=4 (full 0):
 PSYoungGen      total 64000K, used 13583K [0x00000000eab00000, 0x00000000f2800000, 0x0000000100000000)
  eden space 59392K, 15% used [0x00000000eab00000,0x00000000eb3cbd38,0x00000000ee500000)
  from space 4608K, 99% used [0x00000000ee500000,0x00000000ee978020,0x00000000ee980000)
  to   space 4608K, 0% used [0x00000000f2380000,0x00000000f2380000,0x00000000f2800000)
 ParOldGen       total 77824K, used 7845K [0x00000000c0000000, 0x00000000c4c00000, 0x00000000eab00000)
  object space 77824K, 10% used [0x00000000c0000000,0x00000000c07a9700,0x00000000c4c00000)
 Metaspace       used 20855K, capacity 21134K, committed 21296K, reserved 1067008K
  class space    used 2819K, capacity 2924K, committed 2944K, reserved 1048576K
Event: 5.278 GC heap after
Heap after GC invocations=4 (full 0):
 PSYoungGen      total 123392K, used 4576K [0x00000000eab00000, 0x00000000f2800000, 0x0000000100000000)
  eden space 118784K, 0% used [0x00000000eab00000,0x00000000eab00000,0x00000000f1f00000)
  from space 4608K, 99% used [0x00000000f2380000,0x00000000f27f8020,0x00000000f2800000)
  to   space 4608K, 0% used [0x00000000f1f00000,0x00000000f1f00000,0x00000000f2380000)
 ParOldGen       total 77824K, used 8607K [0x00000000c0000000, 0x00000000c4c00000, 0x00000000eab00000)
  object space 77824K, 11% used [0x00000000c0000000,0x00000000c0867d50,0x00000000c4c00000)
 Metaspace       used 20855K, capacity 21134K, committed 21296K, reserved 1067008K
  class space    used 2819K, capacity 2924K, committed 2944K, reserved 1048576K
}
Event: 5.278 GC heap before
{Heap before GC invocations=5 (full 1):
 PSYoungGen      total 123392K, used 4576K [0x00000000eab00000, 0x00000000f2800000, 0x0000000100000000)
  eden space 118784K, 0% used [0x00000000eab00000,0x00000000eab00000,0x00000000f1f00000)
  from space 4608K, 99% used [0x00000000f2380000,0x00000000f27f8020,0x00000000f2800000)
  to   space 4608K, 0% used [0x00000000f1f00000,0x00000000f1f00000,0x00000000f2380000)
 ParOldGen       total 77824K, used 8607K [0x00000000c0000000, 0x00000000c4c00000, 0x00000000eab00000)
  object space 77824K, 11% used [0x00000000c0000000,0x00000000c0867d50,0x00000000c4c00000)
 Metaspace       used 20855K, capacity 21134K, committed 21296K, reserved 1067008K
  class space    used 2819K, capacity 2924K, committed 2944K, reserved 1048576K
Event: 5.379 GC heap after
Heap after GC invocations=5 (full 1):
 PSYoungGen      total 123392K, used 0K [0x00000000eab00000, 0x00000000f2800000, 0x0000000100000000)
  eden space 118784K, 0% used [0x00000000eab00000,0x00000000eab00000,0x00000000f1f00000)
  from space 4608K, 0% used [0x00000000f2380000,0x00000000f2380000,0x00000000f2800000)
  to   space 4608K, 0% used [0x00000000f1f00000,0x00000000f1f00000,0x00000000f2380000)
 ParOldGen       total 54784K, used 7427K [0x00000000c0000000, 0x00000000c3580000, 0x00000000eab00000)
  object space 54784K, 13% used [0x00000000c0000000,0x00000000c0740e90,0x00000000c3580000)
 Metaspace       used 20855K, capacity 21134K, committed 21296K, reserved 1067008K
  class space    used 2819K, capacity 2924K, committed 2944K, reserved 1048576K
}

