# JRE version: Java(TM) SE Runtime Environment (8.0_211-b12) (build 1.8.0_211-b12)
# Java VM: Java HotSpot(TM) 64-Bit Server VM (25.211-b12 mixed mode linux-amd64 compressed oops)
Heap:
 PSYoungGen      total 390656K, used 363084K [0x00000000da380000, 0x00000000f2b00000, 0x0000000100000000)
  eden space 380416K, 94% used [0x00000000da380000,0x00000000f00befb0,0x00000000f1700000)
  from space 10240K, 53% used [0x00000000f2100000,0x00000000f2654170,0x00000000f2b00000)
  to   space 10240K, 0% used [0x00000000f1700000,0x00000000f1700000,0x00000000f2100000)
 ParOldGen       total 77824K, used 26501K [0x000000008ea00000, 0x0000000093600000, 0x00000000da380000)
  object space 77824K, 34% used [0x000000008ea00000,0x00000000903e1688,0x0000000093600000)
 Metaspace       used 18342K, capacity 20344K, committed 20608K, reserved 1067008K
  class space    used 2405K, capacity 3686K, committed 3712K, reserved 1048576K
GC Heap History (10 events):
Event: 8.646 GC heap before
{Heap before GC invocations=6 (full 0):
 PSYoungGen      total 64000K, used 63972K [0x00000000da380000, 0x00000000e2b80000, 0x0000000100000000)
  eden space 59392K, 100% used [0x00000000da380000,0x00000000ddd80000,0x00000000ddd80000)
  from space 4608K, 99% used [0x00000000ddd80000,0x00000000de1f91a8,0x00000000de200000)
  to   space 10240K, 0% used [0x00000000e2180000,0x00000000e2180000,0x00000000e2b80000)
 ParOldGen       total 77824K, used 16269K [0x000000008ea00000, 0x0000000093600000, 0x00000000da380000)
  object space 77824K, 20% used [0x000000008ea00000,0x000000008f9e3430,0x0000000093600000)
 Metaspace       used 15745K, capacity 16248K, committed 16512K, reserved 1062912K
  class space    used 1873K, capacity 2073K, committed 2176K, reserved 1048576K
Event: 8.677 GC heap after
Heap after GC invocations=6 (full 0):
 PSYoungGen      total 129024K, used 7632K [0x00000000da380000, 0x00000000e2b80000, 0x0000000100000000)
  eden space 118784K, 0% used [0x00000000da380000,0x00000000da380000,0x00000000e1780000)
  from space 10240K, 74% used [0x00000000e2180000,0x00000000e28f4298,0x00000000e2b80000)
  to   space 10240K, 0% used [0x00000000e1780000,0x00000000e1780000,0x00000000e2180000)
 ParOldGen       total 77824K, used 16269K [0x000000008ea00000, 0x0000000093600000, 0x00000000da380000)
  object space 77824K, 20% used [0x000000008ea00000,0x000000008f9e3430,0x0000000093600000)
 Metaspace       used 15745K, capacity 16248K, committed 16512K, reserved 1062912K
  class space    used 1873K, capacity 2073K, committed 2176K, reserved 1048576K
}
Event: 9.466 GC heap before
{Heap before GC invocations=7 (full 0):
 PSYoungGen      total 129024K, used 126416K [0x00000000da380000, 0x00000000e2b80000, 0x0000000100000000)
  eden space 118784K, 100% used [0x00000000da380000,0x00000000e1780000,0x00000000e1780000)
  from space 10240K, 74% used [0x00000000e2180000,0x00000000e28f4298,0x00000000e2b80000)
  to   space 10240K, 0% used [0x00000000e1780000,0x00000000e1780000,0x00000000e2180000)
 ParOldGen       total 77824K, used 16269K [0x000000008ea00000, 0x0000000093600000, 0x00000000da380000)
  object space 77824K, 20% used [0x000000008ea00000,0x000000008f9e3430,0x0000000093600000)
 Metaspace       used 15901K, capacity 16450K, committed 16640K, reserved 1062912K
  class space    used 1908K, capacity 2212K, committed 2304K, reserved 1048576K
Event: 9.488 GC heap after
Heap after GC invocations=7 (full 0):
 PSYoungGen      total 129024K, used 5268K [0x00000000da380000, 0x00000000e9f80000, 0x0000000100000000)
  eden space 118784K, 0% used [0x00000000da380000,0x00000000da380000,0x00000000e1780000)
  from space 10240K, 51% used [0x00000000e1780000,0x00000000e1ca5110,0x00000000e2180000)
  to   space 10240K, 0% used [0x00000000e9580000,0x00000000e9580000,0x00000000e9f80000)
 ParOldGen       total 77824K, used 19274K [0x000000008ea00000, 0x0000000093600000, 0x00000000da380000)
  object space 77824K, 24% used [0x000000008ea00000,0x000000008fcd2930,0x0000000093600000)
 Metaspace       used 15901K, capacity 16450K, committed 16640K, reserved 1062912K
  class space    used 1908K, capacity 2212K, committed 2304K, reserved 1048576K
}
Event: 10.334 GC heap before
{Heap before GC invocations=8 (full 0):
 PSYoungGen      total 129024K, used 124052K [0x00000000da380000, 0x00000000e9f80000, 0x0000000100000000)
  eden space 118784K, 100% used [0x00000000da380000,0x00000000e1780000,0x00000000e1780000)
  from space 10240K, 51% used [0x00000000e1780000,0x00000000e1ca5110,0x00000000e2180000)
  to   space 10240K, 0% used [0x00000000e9580000,0x00000000e9580000,0x00000000e9f80000)
 ParOldGen       total 77824K, used 19274K [0x000000008ea00000, 0x0000000093600000, 0x00000000da380000)
  object space 77824K, 24% used [0x000000008ea00000,0x000000008fcd2930,0x0000000093600000)
 Metaspace       used 16461K, capacity 17296K, committed 17664K, reserved 1064960K
  class space    used 2011K, capacity 2455K, committed 2560K, reserved 1048576K
Event: 10.349 GC heap after
Heap after GC invocations=8 (full 0):
 PSYoungGen      total 247808K, used 7024K [0x00000000da380000, 0x00000000e9f80000, 0x0000000100000000)
  eden space 237568K, 0% used [0x00000000da380000,0x00000000da380000,0x00000000e8b80000)
  from space 10240K, 68% used [0x00000000e9580000,0x00000000e9c5c350,0x00000000e9f80000)
  to   space 10240K, 0% used [0x00000000e8b80000,0x00000000e8b80000,0x00000000e9580000)
 ParOldGen       total 77824K, used 19922K [0x000000008ea00000, 0x0000000093600000, 0x00000000da380000)
  object space 77824K, 25% used [0x000000008ea00000,0x000000008fd74930,0x0000000093600000)
 Metaspace       used 16461K, capacity 17296K, committed 17664K, reserved 1064960K
  class space    used 2011K, capacity 2455K, committed 2560K, reserved 1048576K
}
Event: 11.844 GC heap before
{Heap before GC invocations=9 (full 0):
 PSYoungGen      total 247808K, used 244592K [0x00000000da380000, 0x00000000e9f80000, 0x0000000100000000)
  eden space 237568K, 100% used [0x00000000da380000,0x00000000e8b80000,0x00000000e8b80000)
  from space 10240K, 68% used [0x00000000e9580000,0x00000000e9c5c350,0x00000000e9f80000)
  to   space 10240K, 0% used [0x00000000e8b80000,0x00000000e8b80000,0x00000000e9580000)
 ParOldGen       total 77824K, used 19922K [0x000000008ea00000, 0x0000000093600000, 0x00000000da380000)
  object space 77824K, 25% used [0x000000008ea00000,0x000000008fd74930,0x0000000093600000)
 Metaspace       used 16654K, capacity 17766K, committed 17920K, reserved 1064960K
  class space    used 2067K, capacity 2742K, committed 2816K, reserved 1048576K
Event: 11.861 GC heap after
Heap after GC invocations=9 (full 0):
 PSYoungGen      total 247808K, used 6606K [0x00000000da380000, 0x00000000f2b00000, 0x0000000100000000)
  eden space 237568K, 0% used [0x00000000da380000,0x00000000da380000,0x00000000e8b80000)
  from space 10240K, 64% used [0x00000000e8b80000,0x00000000e91f3938,0x00000000e9580000)
  to   space 10240K, 0% used [0x00000000f2100000,0x00000000f2100000,0x00000000f2b00000)
 ParOldGen       total 77824K, used 22725K [0x000000008ea00000, 0x0000000093600000, 0x00000000da380000)
  object space 77824K, 29% used [0x000000008ea00000,0x00000000900315a8,0x0000000093600000)
 Metaspace       used 16654K, capacity 17766K, committed 17920K, reserved 1064960K
  class space    used 2067K, capacity 2742K, committed 2816K, reserved 1048576K
}
Event: 13.204 GC heap before
{Heap before GC invocations=10 (full 0):
 PSYoungGen      total 247808K, used 244174K [0x00000000da380000, 0x00000000f2b00000, 0x0000000100000000)
  eden space 237568K, 100% used [0x00000000da380000,0x00000000e8b80000,0x00000000e8b80000)
  from space 10240K, 64% used [0x00000000e8b80000,0x00000000e91f3938,0x00000000e9580000)
  to   space 10240K, 0% used [0x00000000f2100000,0x00000000f2100000,0x00000000f2b00000)
 ParOldGen       total 77824K, used 22725K [0x000000008ea00000, 0x0000000093600000, 0x00000000da380000)
  object space 77824K, 29% used [0x000000008ea00000,0x00000000900315a8,0x0000000093600000)
 Metaspace       used 16842K, capacity 18300K, committed 18432K, reserved 1064960K
  class space    used 2122K, capacity 3019K, committed 3072K, reserved 1048576K
Event: 13.218 GC heap after
Heap after GC invocations=10 (full 0):
 PSYoungGen      total 390656K, used 5456K [0x00000000da380000, 0x00000000f2b00000, 0x0000000100000000)
  eden space 380416K, 0% used [0x00000000da380000,0x00000000da380000,0x00000000f1700000)
  from space 10240K, 53% used [0x00000000f2100000,0x00000000f2654170,0x00000000f2b00000)
  to   space 10240K, 0% used [0x00000000f1700000,0x00000000f1700000,0x00000000f2100000)
 ParOldGen       total 77824K, used 26501K [0x000000008ea00000, 0x0000000093600000, 0x00000000da380000)
  object space 77824K, 34% used [0x000000008ea00000,0x00000000903e1688,0x0000000093600000)
 Metaspace       used 16842K, capacity 18300K, committed 18432K, reserved 1064960K
  class space    used 2122K, capacity 3019K, committed 3072K, reserved 1048576K
}

