# JRE version: Java(TM) SE Runtime Environment (8.0_211-b12) (build 1.8.0_211-b12)
# Java VM: Java HotSpot(TM) 64-Bit Server VM (25.211-b12 mixed mode linux-amd64 compressed oops)
Heap:
 PSYoungGen      total 606208K, used 35301K [0x00000000da380000, 0x0000000100000000, 0x0000000100000000)
  eden space 595456K, 5% used [0x00000000da380000,0x00000000dc5f9778,0x00000000fe900000)
  from space 10752K, 0% used [0x00000000ff580000,0x00000000ff580000,0x0000000100000000)
  to   space 11776K, 0% used [0x00000000fe900000,0x00000000fe900000,0x00000000ff480000)
 ParOldGen       total 74752K, used 34451K [0x000000008ea00000, 0x0000000093300000, 0x00000000da380000)
  object space 74752K, 46% used [0x000000008ea00000,0x0000000090ba4cc0,0x0000000093300000)
 Metaspace       used 20024K, capacity 22034K, committed 22144K, reserved 1067008K
  class space    used 2681K, capacity 3951K, committed 3968K, reserved 1048576K
GC Heap History (10 events):
Event: 14.848 GC heap before
{Heap before GC invocations=9 (full 0):
 PSYoungGen      total 247808K, used 244820K [0x00000000da380000, 0x00000000ea080000, 0x0000000100000000)
  eden space 237568K, 100% used [0x00000000da380000,0x00000000e8b80000,0x00000000e8b80000)
  from space 10240K, 70% used [0x00000000e9680000,0x00000000e9d95368,0x00000000ea080000)
  to   space 10752K, 0% used [0x00000000e8b80000,0x00000000e8b80000,0x00000000e9600000)
 ParOldGen       total 77824K, used 19757K [0x000000008ea00000, 0x0000000093600000, 0x00000000da380000)
  object space 77824K, 25% used [0x000000008ea00000,0x000000008fd4b5f0,0x0000000093600000)
 Metaspace       used 16638K, capacity 17762K, committed 17920K, reserved 1064960K
  class space    used 2067K, capacity 2742K, committed 2816K, reserved 1048576K
Event: 14.867 GC heap after
Heap after GC invocations=9 (full 0):
 PSYoungGen      total 248320K, used 6606K [0x00000000da380000, 0x00000000f2c00000, 0x0000000100000000)
  eden space 237568K, 0% used [0x00000000da380000,0x00000000da380000,0x00000000e8b80000)
  from space 10752K, 61% used [0x00000000e8b80000,0x00000000e91f39b8,0x00000000e9600000)
  to   space 10752K, 0% used [0x00000000f2180000,0x00000000f2180000,0x00000000f2c00000)
 ParOldGen       total 77824K, used 22726K [0x000000008ea00000, 0x0000000093600000, 0x00000000da380000)
  object space 77824K, 29% used [0x000000008ea00000,0x0000000090031838,0x0000000093600000)
 Metaspace       used 16638K, capacity 17762K, committed 17920K, reserved 1064960K
  class space    used 2067K, capacity 2742K, committed 2816K, reserved 1048576K
}
Event: 16.230 GC heap before
{Heap before GC invocations=10 (full 0):
 PSYoungGen      total 248320K, used 244174K [0x00000000da380000, 0x00000000f2c00000, 0x0000000100000000)
  eden space 237568K, 100% used [0x00000000da380000,0x00000000e8b80000,0x00000000e8b80000)
  from space 10752K, 61% used [0x00000000e8b80000,0x00000000e91f39b8,0x00000000e9600000)
  to   space 10752K, 0% used [0x00000000f2180000,0x00000000f2180000,0x00000000f2c00000)
 ParOldGen       total 77824K, used 22726K [0x000000008ea00000, 0x0000000093600000, 0x00000000da380000)
  object space 77824K, 29% used [0x000000008ea00000,0x0000000090031838,0x0000000093600000)
 Metaspace       used 16815K, capacity 18232K, committed 18432K, reserved 1064960K
  class space    used 2122K, capacity 3019K, committed 3072K, reserved 1048576K
Event: 16.244 GC heap after
Heap after GC invocations=10 (full 0):
 PSYoungGen      total 391168K, used 5424K [0x00000000da380000, 0x00000000f2c00000, 0x0000000100000000)
  eden space 380416K, 0% used [0x00000000da380000,0x00000000da380000,0x00000000f1700000)
  from space 10752K, 50% used [0x00000000f2180000,0x00000000f26cc150,0x00000000f2c00000)
  to   space 10752K, 0% used [0x00000000f1700000,0x00000000f1700000,0x00000000f2180000)
 ParOldGen       total 77824K, used 26514K [0x000000008ea00000, 0x0000000093600000, 0x00000000da380000)
  object space 77824K, 34% used [0x000000008ea00000,0x00000000903e48e8,0x0000000093600000)
 Metaspace       used 16815K, capacity 18232K, committed 18432K, reserved 1064960K
  class space    used 2122K, capacity 3019K, committed 3072K, reserved 1048576K
}
Event: 18.832 GC heap before
{Heap before GC invocations=11 (full 0):
 PSYoungGen      total 391168K, used 385840K [0x00000000da380000, 0x00000000f2c00000, 0x0000000100000000)
  eden space 380416K, 100% used [0x00000000da380000,0x00000000f1700000,0x00000000f1700000)
  from space 10752K, 50% used [0x00000000f2180000,0x00000000f26cc150,0x00000000f2c00000)
  to   space 10752K, 0% used [0x00000000f1700000,0x00000000f1700000,0x00000000f2180000)
 ParOldGen       total 77824K, used 26514K [0x000000008ea00000, 0x0000000093600000, 0x00000000da380000)
  object space 77824K, 34% used [0x000000008ea00000,0x00000000903e48e8,0x0000000093600000)
 Metaspace       used 19139K, capacity 21140K, committed 21248K, reserved 1067008K
  class space    used 2527K, capacity 3782K, committed 3840K, reserved 1048576K
Event: 18.858 GC heap after
Heap after GC invocations=11 (full 0):
 PSYoungGen      total 391168K, used 8067K [0x00000000da380000, 0x0000000100000000, 0x0000000100000000)
  eden space 380416K, 0% used [0x00000000da380000,0x00000000da380000,0x00000000f1700000)
  from space 10752K, 75% used [0x00000000f1700000,0x00000000f1ee0c60,0x00000000f2180000)
  to   space 10752K, 0% used [0x00000000ff580000,0x00000000ff580000,0x0000000100000000)
 ParOldGen       total 77824K, used 31667K [0x000000008ea00000, 0x0000000093600000, 0x00000000da380000)
  object space 77824K, 40% used [0x000000008ea00000,0x00000000908ecfd8,0x0000000093600000)
 Metaspace       used 19139K, capacity 21140K, committed 21248K, reserved 1067008K
  class space    used 2527K, capacity 3782K, committed 3840K, reserved 1048576K
}
Event: 18.860 GC heap before
{Heap before GC invocations=12 (full 0):
 PSYoungGen      total 391168K, used 21220K [0x00000000da380000, 0x0000000100000000, 0x0000000100000000)
  eden space 380416K, 3% used [0x00000000da380000,0x00000000db058428,0x00000000f1700000)
  from space 10752K, 75% used [0x00000000f1700000,0x00000000f1ee0c60,0x00000000f2180000)
  to   space 10752K, 0% used [0x00000000ff580000,0x00000000ff580000,0x0000000100000000)
 ParOldGen       total 77824K, used 31667K [0x000000008ea00000, 0x0000000093600000, 0x00000000da380000)
  object space 77824K, 40% used [0x000000008ea00000,0x00000000908ecfd8,0x0000000093600000)
 Metaspace       used 19144K, capacity 21140K, committed 21248K, reserved 1067008K
  class space    used 2528K, capacity 3782K, committed 3840K, reserved 1048576K
Event: 18.873 GC heap after
Heap after GC invocations=12 (full 0):
 PSYoungGen      total 606208K, used 160K [0x00000000da380000, 0x0000000100000000, 0x0000000100000000)
  eden space 595456K, 0% used [0x00000000da380000,0x00000000da380000,0x00000000fe900000)
  from space 10752K, 1% used [0x00000000ff580000,0x00000000ff5a8000,0x0000000100000000)
  to   space 11776K, 0% used [0x00000000fe900000,0x00000000fe900000,0x00000000ff480000)
 ParOldGen       total 77824K, used 39667K [0x000000008ea00000, 0x0000000093600000, 0x00000000da380000)
  object space 77824K, 50% used [0x000000008ea00000,0x00000000910bcdd0,0x0000000093600000)
 Metaspace       used 19144K, capacity 21140K, committed 21248K, reserved 1067008K
  class space    used 2528K, capacity 3782K, committed 3840K, reserved 1048576K
}
Event: 18.873 GC heap before
{Heap before GC invocations=13 (full 1):
 PSYoungGen      total 606208K, used 160K [0x00000000da380000, 0x0000000100000000, 0x0000000100000000)
  eden space 595456K, 0% used [0x00000000da380000,0x00000000da380000,0x00000000fe900000)
  from space 10752K, 1% used [0x00000000ff580000,0x00000000ff5a8000,0x0000000100000000)
  to   space 11776K, 0% used [0x00000000fe900000,0x00000000fe900000,0x00000000ff480000)
 ParOldGen       total 77824K, used 39667K [0x000000008ea00000, 0x0000000093600000, 0x00000000da380000)
  object space 77824K, 50% used [0x000000008ea00000,0x00000000910bcdd0,0x0000000093600000)
 Metaspace       used 19144K, capacity 21140K, committed 21248K, reserved 1067008K
  class space    used 2528K, capacity 3782K, committed 3840K, reserved 1048576K
Event: 19.151 GC heap after
Heap after GC invocations=13 (full 1):
 PSYoungGen      total 606208K, used 0K [0x00000000da380000, 0x0000000100000000, 0x0000000100000000)
  eden space 595456K, 0% used [0x00000000da380000,0x00000000da380000,0x00000000fe900000)
  from space 10752K, 0% used [0x00000000ff580000,0x00000000ff580000,0x0000000100000000)
  to   space 11776K, 0% used [0x00000000fe900000,0x00000000fe900000,0x00000000ff480000)
 ParOldGen       total 74752K, used 34451K [0x000000008ea00000, 0x0000000093300000, 0x00000000da380000)
  object space 74752K, 46% used [0x000000008ea00000,0x0000000090ba4cc0,0x0000000093300000)
 Metaspace       used 19144K, capacity 21140K, committed 21248K, reserved 1067008K
  class space    used 2528K, capacity 3782K, committed 3840K, reserved 1048576K
}

