# JRE version: Java(TM) SE Runtime Environment (8.0_211-b12) (build 1.8.0_211-b12)
# Java VM: Java HotSpot(TM) 64-Bit Server VM (25.211-b12 mixed mode linux-amd64 compressed oops)
Heap:
 PSYoungGen      total 229376K, used 151347K [0x00000000f0000000, 0x0000000100000000, 0x0000000100000000)
  eden space 196608K, 70% used [0x00000000f0000000,0x00000000f87076c0,0x00000000fc000000)
  from space 32768K, 39% used [0x00000000fc000000,0x00000000fccc57d0,0x00000000fe000000)
  to   space 32768K, 0% used [0x00000000fe000000,0x00000000fe000000,0x0000000100000000)
 ParOldGen       total 524288K, used 40K [0x00000000d0000000, 0x00000000f0000000, 0x00000000f0000000)
  object space 524288K, 0% used [0x00000000d0000000,0x00000000d000a000,0x00000000f0000000)
 Metaspace       used 18460K, capacity 18926K, committed 19200K, reserved 1067008K
  class space    used 2161K, capacity 2276K, committed 2304K, reserved 1048576K
GC Heap History (6 events):
Event: 8.791 GC heap before
{Heap before GC invocations=1 (full 0):
 PSYoungGen      total 229376K, used 196608K [0x00000000f0000000, 0x0000000100000000, 0x0000000100000000)
  eden space 196608K, 100% used [0x00000000f0000000,0x00000000fc000000,0x00000000fc000000)
  from space 32768K, 0% used [0x00000000fe000000,0x00000000fe000000,0x0000000100000000)
  to   space 32768K, 0% used [0x00000000fc000000,0x00000000fc000000,0x00000000fe000000)
 ParOldGen       total 524288K, used 0K [0x00000000d0000000, 0x00000000f0000000, 0x00000000f0000000)
  object space 524288K, 0% used [0x00000000d0000000,0x00000000d0000000,0x00000000f0000000)
 Metaspace       used 10964K, capacity 11102K, committed 11264K, reserved 1058816K
  class space    used 1175K, capacity 1226K, committed 1280K, reserved 1048576K
Event: 8.816 GC heap after
Heap after GC invocations=1 (full 0):
 PSYoungGen      total 229376K, used 9051K [0x00000000f0000000, 0x0000000100000000, 0x0000000100000000)
  eden space 196608K, 0% used [0x00000000f0000000,0x00000000f0000000,0x00000000fc000000)
  from space 32768K, 27% used [0x00000000fc000000,0x00000000fc8d6ca8,0x00000000fe000000)
  to   space 32768K, 0% used [0x00000000fe000000,0x00000000fe000000,0x0000000100000000)
 ParOldGen       total 524288K, used 24K [0x00000000d0000000, 0x00000000f0000000, 0x00000000f0000000)
  object space 524288K, 0% used [0x00000000d0000000,0x00000000d0006000,0x00000000f0000000)
 Metaspace       used 10964K, capacity 11102K, committed 11264K, reserved 1058816K
  class space    used 1175K, capacity 1226K, committed 1280K, reserved 1048576K
}
Event: 11.216 GC heap before
{Heap before GC invocations=2 (full 0):
 PSYoungGen      total 229376K, used 205659K [0x00000000f0000000, 0x0000000100000000, 0x0000000100000000)
  eden space 196608K, 100% used [0x00000000f0000000,0x00000000fc000000,0x00000000fc000000)
  from space 32768K, 27% used [0x00000000fc000000,0x00000000fc8d6ca8,0x00000000fe000000)
  to   space 32768K, 0% used [0x00000000fe000000,0x00000000fe000000,0x0000000100000000)
 ParOldGen       total 524288K, used 24K [0x00000000d0000000, 0x00000000f0000000, 0x00000000f0000000)
  object space 524288K, 0% used [0x00000000d0000000,0x00000000d0006000,0x00000000f0000000)
 Metaspace       used 14485K, capacity 14810K, committed 15104K, reserved 1062912K
  class space    used 1613K, capacity 1701K, committed 1792K, reserved 1048576K
Event: 11.245 GC heap after
Heap after GC invocations=2 (full 0):
 PSYoungGen      total 229376K, used 10739K [0x00000000f0000000, 0x0000000100000000, 0x0000000100000000)
  eden space 196608K, 0% used [0x00000000f0000000,0x00000000f0000000,0x00000000fc000000)
  from space 32768K, 32% used [0x00000000fe000000,0x00000000fea7cfb0,0x0000000100000000)
  to   space 32768K, 0% used [0x00000000fc000000,0x00000000fc000000,0x00000000fe000000)
 ParOldGen       total 524288K, used 32K [0x00000000d0000000, 0x00000000f0000000, 0x00000000f0000000)
  object space 524288K, 0% used [0x00000000d0000000,0x00000000d0008000,0x00000000f0000000)
 Metaspace       used 14485K, capacity 14810K, committed 15104K, reserved 1062912K
  class space    used 1613K, capacity 1701K, committed 1792K, reserved 1048576K
}
Event: 13.383 GC heap before
{Heap before GC invocations=3 (full 0):
 PSYoungGen      total 229376K, used 207347K [0x00000000f0000000, 0x0000000100000000, 0x0000000100000000)
  eden space 196608K, 100% used [0x00000000f0000000,0x00000000fc000000,0x00000000fc000000)
  from space 32768K, 32% used [0x00000000fe000000,0x00000000fea7cfb0,0x0000000100000000)
  to   space 32768K, 0% used [0x00000000fc000000,0x00000000fc000000,0x00000000fe000000)
 ParOldGen       total 524288K, used 32K [0x00000000d0000000, 0x00000000f0000000, 0x00000000f0000000)
  object space 524288K, 0% used [0x00000000d0000000,0x00000000d0008000,0x00000000f0000000)
 Metaspace       used 17649K, capacity 17964K, committed 18048K, reserved 1064960K
  class space    used 2046K, capacity 2132K, committed 2176K, reserved 1048576K
Event: 13.413 GC heap after
Heap after GC invocations=3 (full 0):
 PSYoungGen      total 229376K, used 13077K [0x00000000f0000000, 0x0000000100000000, 0x0000000100000000)
  eden space 196608K, 0% used [0x00000000f0000000,0x00000000f0000000,0x00000000fc000000)
  from space 32768K, 39% used [0x00000000fc000000,0x00000000fccc57d0,0x00000000fe000000)
  to   space 32768K, 0% used [0x00000000fe000000,0x00000000fe000000,0x0000000100000000)
 ParOldGen       total 524288K, used 40K [0x00000000d0000000, 0x00000000f0000000, 0x00000000f0000000)
  object space 524288K, 0% used [0x00000000d0000000,0x00000000d000a000,0x00000000f0000000)
 Metaspace       used 17649K, capacity 17964K, committed 18048K, reserved 1064960K
  class space    used 2046K, capacity 2132K, committed 2176K, reserved 1048576K
}

