# JRE version: Java(TM) SE Runtime Environment (8.0_211-b12) (build 1.8.0_211-b12)
# Java VM: Java HotSpot(TM) 64-Bit Server VM (25.211-b12 mixed mode linux-amd64 compressed oops)
Heap:
 PSYoungGen      total 63488K, used 18091K [0x00000000eab00000, 0x00000000f0380000, 0x0000000100000000)
  eden space 53760K, 23% used [0x00000000eab00000,0x00000000eb73dd48,0x00000000edf80000)
  from space 9728K, 57% used [0x00000000edf80000,0x00000000ee4ed190,0x00000000ee900000)
  to   space 9216K, 0% used [0x00000000efa80000,0x00000000efa80000,0x00000000f0380000)
 ParOldGen       total 53760K, used 6810K [0x00000000c0000000, 0x00000000c3480000, 0x00000000eab00000)
  object space 53760K, 12% used [0x00000000c0000000,0x00000000c06a6908,0x00000000c3480000)
 Metaspace       used 26783K, capacity 27260K, committed 27392K, reserved 1073152K
  class space    used 3826K, capacity 4003K, committed 4096K, reserved 1048576K
GC Heap History (10 events):
Event: 8.631 GC heap before
{Heap before GC invocations=4 (full 0):
 PSYoungGen      total 34304K, used 34300K [0x00000000eab00000, 0x00000000ed100000, 0x0000000100000000)
  eden space 29696K, 100% used [0x00000000eab00000,0x00000000ec800000,0x00000000ec800000)
  from space 4608K, 99% used [0x00000000ec800000,0x00000000ecc7f3a8,0x00000000ecc80000)
  to   space 4608K, 0% used [0x00000000ecc80000,0x00000000ecc80000,0x00000000ed100000)
 ParOldGen       total 77824K, used 2975K [0x00000000c0000000, 0x00000000c4c00000, 0x00000000eab00000)
  object space 77824K, 3% used [0x00000000c0000000,0x00000000c02e7f20,0x00000000c4c00000)
 Metaspace       used 19935K, capacity 20210K, committed 20352K, reserved 1067008K
  class space    used 2784K, capacity 2892K, committed 2944K, reserved 1048576K
Event: 8.659 GC heap after
Heap after GC invocations=4 (full 0):
 PSYoungGen      total 34304K, used 4576K [0x00000000eab00000, 0x00000000ed100000, 0x0000000100000000)
  eden space 29696K, 0% used [0x00000000eab00000,0x00000000eab00000,0x00000000ec800000)
  from space 4608K, 99% used [0x00000000ecc80000,0x00000000ed0f8078,0x00000000ed100000)
  to   space 4608K, 0% used [0x00000000ec800000,0x00000000ec800000,0x00000000ecc80000)
 ParOldGen       total 77824K, used 7370K [0x00000000c0000000, 0x00000000c4c00000, 0x00000000eab00000)
  object space 77824K, 9% used [0x00000000c0000000,0x00000000c0732868,0x00000000c4c00000)
 Metaspace       used 19935K, capacity 20210K, committed 20352K, reserved 1067008K
  class space    used 2784K, capacity 2892K, committed 2944K, reserved 1048576K
}
Event: 8.960 GC heap before
{Heap before GC invocations=5 (full 0):
 PSYoungGen      total 34304K, used 12371K [0x00000000eab00000, 0x00000000ed100000, 0x0000000100000000)
  eden space 29696K, 26% used [0x00000000eab00000,0x00000000eb29ccd8,0x00000000ec800000)
  from space 4608K, 99% used [0x00000000ecc80000,0x00000000ed0f8078,0x00000000ed100000)
  to   space 4608K, 0% used [0x00000000ec800000,0x00000000ec800000,0x00000000ecc80000)
 ParOldGen       total 77824K, used 7370K [0x00000000c0000000, 0x00000000c4c00000, 0x00000000eab00000)
  object space 77824K, 9% used [0x00000000c0000000,0x00000000c0732868,0x00000000c4c00000)
 Metaspace       used 20855K, capacity 21138K, committed 21296K, reserved 1067008K
  class space    used 2818K, capacity 2924K, committed 2944K, reserved 1048576K
Event: 8.975 GC heap after
Heap after GC invocations=5 (full 0):
 PSYoungGen      total 34304K, used 4576K [0x00000000eab00000, 0x00000000ef800000, 0x0000000100000000)
  eden space 29696K, 0% used [0x00000000eab00000,0x00000000eab00000,0x00000000ec800000)
  from space 4608K, 99% used [0x00000000ec800000,0x00000000ecc78078,0x00000000ecc80000)
  to   space 9728K, 0% used [0x00000000eee80000,0x00000000eee80000,0x00000000ef800000)
 ParOldGen       total 77824K, used 8067K [0x00000000c0000000, 0x00000000c4c00000, 0x00000000eab00000)
  object space 77824K, 10% used [0x00000000c0000000,0x00000000c07e0eb8,0x00000000c4c00000)
 Metaspace       used 20855K, capacity 21138K, committed 21296K, reserved 1067008K
  class space    used 2818K, capacity 2924K, committed 2944K, reserved 1048576K
}
Event: 8.975 GC heap before
{Heap before GC invocations=6 (full 1):
 PSYoungGen      total 34304K, used 4576K [0x00000000eab00000, 0x00000000ef800000, 0x0000000100000000)
  eden space 29696K, 0% used [0x00000000eab00000,0x00000000eab00000,0x00000000ec800000)
  from space 4608K, 99% used [0x00000000ec800000,0x00000000ecc78078,0x00000000ecc80000)
  to   space 9728K, 0% used [0x00000000eee80000,0x00000000eee80000,0x00000000ef800000)
 ParOldGen       total 77824K, used 8067K [0x00000000c0000000, 0x00000000c4c00000, 0x00000000eab00000)
  object space 77824K, 10% used [0x00000000c0000000,0x00000000c07e0eb8,0x00000000c4c00000)
 Metaspace       used 20855K, capacity 21138K, committed 21296K, reserved 1067008K
  class space    used 2818K, capacity 2924K, committed 2944K, reserved 1048576K
Event: 9.090 GC heap after
Heap after GC invocations=6 (full 1):
 PSYoungGen      total 34304K, used 0K [0x00000000eab00000, 0x00000000ef800000, 0x0000000100000000)
  eden space 29696K, 0% used [0x00000000eab00000,0x00000000eab00000,0x00000000ec800000)
  from space 4608K, 0% used [0x00000000ec800000,0x00000000ec800000,0x00000000ecc80000)
  to   space 9728K, 0% used [0x00000000eee80000,0x00000000eee80000,0x00000000ef800000)
 ParOldGen       total 53760K, used 6794K [0x00000000c0000000, 0x00000000c3480000, 0x00000000eab00000)
  object space 53760K, 12% used [0x00000000c0000000,0x00000000c06a2908,0x00000000c3480000)
 Metaspace       used 20855K, capacity 21138K, committed 21296K, reserved 1067008K
  class space    used 2818K, capacity 2924K, committed 2944K, reserved 1048576K
}
Event: 10.386 GC heap before
{Heap before GC invocations=7 (full 1):
 PSYoungGen      total 34304K, used 29696K [0x00000000eab00000, 0x00000000ef800000, 0x0000000100000000)
  eden space 29696K, 100% used [0x00000000eab00000,0x00000000ec800000,0x00000000ec800000)
  from space 4608K, 0% used [0x00000000ec800000,0x00000000ec800000,0x00000000ecc80000)
  to   space 9728K, 0% used [0x00000000eee80000,0x00000000eee80000,0x00000000ef800000)
 ParOldGen       total 53760K, used 6794K [0x00000000c0000000, 0x00000000c3480000, 0x00000000eab00000)
  object space 53760K, 12% used [0x00000000c0000000,0x00000000c06a2908,0x00000000c3480000)
 Metaspace       used 23566K, capacity 23902K, committed 24192K, reserved 1071104K
  class space    used 3268K, capacity 3374K, committed 3456K, reserved 1048576K
Event: 10.405 GC heap after
Heap after GC invocations=7 (full 1):
 PSYoungGen      total 51200K, used 3717K [0x00000000eab00000, 0x00000000ef280000, 0x0000000100000000)
  eden space 47104K, 0% used [0x00000000eab00000,0x00000000eab00000,0x00000000ed900000)
  from space 4096K, 90% used [0x00000000eee80000,0x00000000ef2216d8,0x00000000ef280000)
  to   space 9728K, 0% used [0x00000000edf80000,0x00000000edf80000,0x00000000ee900000)
 ParOldGen       total 53760K, used 6802K [0x00000000c0000000, 0x00000000c3480000, 0x00000000eab00000)
  object space 53760K, 12% used [0x00000000c0000000,0x00000000c06a4908,0x00000000c3480000)
 Metaspace       used 23566K, capacity 23902K, committed 24192K, reserved 1071104K
  class space    used 3268K, capacity 3374K, committed 3456K, reserved 1048576K
}
Event: 12.567 GC heap before
{Heap before GC invocations=8 (full 1):
 PSYoungGen      total 51200K, used 50821K [0x00000000eab00000, 0x00000000ef280000, 0x0000000100000000)
  eden space 47104K, 100% used [0x00000000eab00000,0x00000000ed900000,0x00000000ed900000)
  from space 4096K, 90% used [0x00000000eee80000,0x00000000ef2216d8,0x00000000ef280000)
  to   space 9728K, 0% used [0x00000000edf80000,0x00000000edf80000,0x00000000ee900000)
 ParOldGen       total 53760K, used 6802K [0x00000000c0000000, 0x00000000c3480000, 0x00000000eab00000)
  object space 53760K, 12% used [0x00000000c0000000,0x00000000c06a4908,0x00000000c3480000)
 Metaspace       used 26021K, capacity 26424K, committed 26752K, reserved 1073152K
  class space    used 3714K, capacity 3871K, committed 3968K, reserved 1048576K
Event: 12.583 GC heap after
Heap after GC invocations=8 (full 1):
 PSYoungGen      total 63488K, used 5556K [0x00000000eab00000, 0x00000000f0380000, 0x0000000100000000)
  eden space 53760K, 0% used [0x00000000eab00000,0x00000000eab00000,0x00000000edf80000)
  from space 9728K, 57% used [0x00000000edf80000,0x00000000ee4ed190,0x00000000ee900000)
  to   space 9216K, 0% used [0x00000000efa80000,0x00000000efa80000,0x00000000f0380000)
 ParOldGen       total 53760K, used 6810K [0x00000000c0000000, 0x00000000c3480000, 0x00000000eab00000)
  object space 53760K, 12% used [0x00000000c0000000,0x00000000c06a6908,0x00000000c3480000)
 Metaspace       used 26021K, capacity 26424K, committed 26752K, reserved 1073152K
  class space    used 3714K, capacity 3871K, committed 3968K, reserved 1048576K
}

