# JRE version: Java(TM) SE Runtime Environment (8.0_211-b12) (build 1.8.0_211-b12)
# Java VM: Java HotSpot(TM) 64-Bit Server VM (25.211-b12 mixed mode linux-amd64 compressed oops)
Heap:
 PSYoungGen      total 323072K, used 289146K [0x00000000eab00000, 0x00000000ffd80000, 0x0000000100000000)
  eden space 299520K, 92% used [0x00000000eab00000,0x00000000fbad6a80,0x00000000fcf80000)
  from space 23552K, 45% used [0x00000000fe680000,0x00000000ff1080b0,0x00000000ffd80000)
  to   space 23552K, 0% used [0x00000000fcf80000,0x00000000fcf80000,0x00000000fe680000)
 ParOldGen       total 89600K, used 71739K [0x00000000c0000000, 0x00000000c5780000, 0x00000000eab00000)
  object space 89600K, 80% used [0x00000000c0000000,0x00000000c460efc0,0x00000000c5780000)
 Metaspace       used 41201K, capacity 42150K, committed 42240K, reserved 1085440K
  class space    used 5836K, capacity 6134K, committed 6144K, reserved 1048576K
GC Heap History (10 events):
Event: 48.281 GC heap before
{Heap before GC invocations=16 (full 2):
 PSYoungGen      total 214016K, used 208300K [0x00000000eab00000, 0x00000000fe180000, 0x0000000100000000)
  eden space 187904K, 100% used [0x00000000eab00000,0x00000000f6280000,0x00000000f6280000)
  from space 26112K, 78% used [0x00000000f6280000,0x00000000f766b320,0x00000000f7c00000)
  to   space 27648K, 0% used [0x00000000fc680000,0x00000000fc680000,0x00000000fe180000)
 ParOldGen       total 89600K, used 34029K [0x00000000c0000000, 0x00000000c5780000, 0x00000000eab00000)
  object space 89600K, 37% used [0x00000000c0000000,0x00000000c213b6f0,0x00000000c5780000)
 Metaspace       used 40870K, capacity 41702K, committed 41984K, reserved 1085440K
  class space    used 5785K, capacity 6079K, committed 6144K, reserved 1048576K
Event: 48.346 GC heap after
Heap after GC invocations=16 (full 2):
 PSYoungGen      total 290816K, used 14919K [0x00000000eab00000, 0x00000000fe600000, 0x0000000100000000)
  eden space 263168K, 0% used [0x00000000eab00000,0x00000000eab00000,0x00000000fac00000)
  from space 27648K, 53% used [0x00000000fc680000,0x00000000fd511c88,0x00000000fe180000)
  to   space 27136K, 0% used [0x00000000fac00000,0x00000000fac00000,0x00000000fc680000)
 ParOldGen       total 89600K, used 43526K [0x00000000c0000000, 0x00000000c5780000, 0x00000000eab00000)
  object space 89600K, 48% used [0x00000000c0000000,0x00000000c2a818c8,0x00000000c5780000)
 Metaspace       used 40870K, capacity 41702K, committed 41984K, reserved 1085440K
  class space    used 5785K, capacity 6079K, committed 6144K, reserved 1048576K
}
Event: 49.778 GC heap before
{Heap before GC invocations=17 (full 2):
 PSYoungGen      total 290816K, used 278087K [0x00000000eab00000, 0x00000000fe600000, 0x0000000100000000)
  eden space 263168K, 100% used [0x00000000eab00000,0x00000000fac00000,0x00000000fac00000)
  from space 27648K, 53% used [0x00000000fc680000,0x00000000fd511c88,0x00000000fe180000)
  to   space 27136K, 0% used [0x00000000fac00000,0x00000000fac00000,0x00000000fc680000)
 ParOldGen       total 89600K, used 43526K [0x00000000c0000000, 0x00000000c5780000, 0x00000000eab00000)
  object space 89600K, 48% used [0x00000000c0000000,0x00000000c2a818c8,0x00000000c5780000)
 Metaspace       used 40870K, capacity 41702K, committed 41984K, reserved 1085440K
  class space    used 5785K, capacity 6079K, committed 6144K, reserved 1048576K
Event: 49.841 GC heap after
Heap after GC invocations=17 (full 2):
 PSYoungGen      total 290304K, used 13170K [0x00000000eab00000, 0x00000000ffc80000, 0x0000000100000000)
  eden space 263168K, 0% used [0x00000000eab00000,0x00000000eab00000,0x00000000fac00000)
  from space 27136K, 48% used [0x00000000fac00000,0x00000000fb8dca50,0x00000000fc680000)
  to   space 25600K, 0% used [0x00000000fe380000,0x00000000fe380000,0x00000000ffc80000)
 ParOldGen       total 89600K, used 50906K [0x00000000c0000000, 0x00000000c5780000, 0x00000000eab00000)
  object space 89600K, 56% used [0x00000000c0000000,0x00000000c31b6960,0x00000000c5780000)
 Metaspace       used 40870K, capacity 41702K, committed 41984K, reserved 1085440K
  class space    used 5785K, capacity 6079K, committed 6144K, reserved 1048576K
}
Event: 51.165 GC heap before
{Heap before GC invocations=18 (full 2):
 PSYoungGen      total 290304K, used 276338K [0x00000000eab00000, 0x00000000ffc80000, 0x0000000100000000)
  eden space 263168K, 100% used [0x00000000eab00000,0x00000000fac00000,0x00000000fac00000)
  from space 27136K, 48% used [0x00000000fac00000,0x00000000fb8dca50,0x00000000fc680000)
  to   space 25600K, 0% used [0x00000000fe380000,0x00000000fe380000,0x00000000ffc80000)
 ParOldGen       total 89600K, used 50906K [0x00000000c0000000, 0x00000000c5780000, 0x00000000eab00000)
  object space 89600K, 56% used [0x00000000c0000000,0x00000000c31b6960,0x00000000c5780000)
 Metaspace       used 40870K, capacity 41702K, committed 41984K, reserved 1085440K
  class space    used 5785K, capacity 6079K, committed 6144K, reserved 1048576K
Event: 51.218 GC heap after
Heap after GC invocations=18 (full 2):
 PSYoungGen      total 320512K, used 7995K [0x00000000eab00000, 0x00000000ffd80000, 0x0000000100000000)
  eden space 294912K, 0% used [0x00000000eab00000,0x00000000eab00000,0x00000000fcb00000)
  from space 25600K, 31% used [0x00000000fe380000,0x00000000feb4ee28,0x00000000ffc80000)
  to   space 25088K, 0% used [0x00000000fcb00000,0x00000000fcb00000,0x00000000fe380000)
 ParOldGen       total 89600K, used 61002K [0x00000000c0000000, 0x00000000c5780000, 0x00000000eab00000)
  object space 89600K, 68% used [0x00000000c0000000,0x00000000c3b92a50,0x00000000c5780000)
 Metaspace       used 40870K, capacity 41702K, committed 41984K, reserved 1085440K
  class space    used 5785K, capacity 6079K, committed 6144K, reserved 1048576K
}
Event: 52.711 GC heap before
{Heap before GC invocations=19 (full 2):
 PSYoungGen      total 320512K, used 302907K [0x00000000eab00000, 0x00000000ffd80000, 0x0000000100000000)
  eden space 294912K, 100% used [0x00000000eab00000,0x00000000fcb00000,0x00000000fcb00000)
  from space 25600K, 31% used [0x00000000fe380000,0x00000000feb4ee28,0x00000000ffc80000)
  to   space 25088K, 0% used [0x00000000fcb00000,0x00000000fcb00000,0x00000000fe380000)
 ParOldGen       total 89600K, used 61002K [0x00000000c0000000, 0x00000000c5780000, 0x00000000eab00000)
  object space 89600K, 68% used [0x00000000c0000000,0x00000000c3b92a50,0x00000000c5780000)
 Metaspace       used 40871K, capacity 41702K, committed 41984K, reserved 1085440K
  class space    used 5785K, capacity 6079K, committed 6144K, reserved 1048576K
Event: 52.753 GC heap after
Heap after GC invocations=19 (full 2):
 PSYoungGen      total 320000K, used 8985K [0x00000000eab00000, 0x00000000ffe80000, 0x0000000100000000)
  eden space 294912K, 0% used [0x00000000eab00000,0x00000000eab00000,0x00000000fcb00000)
  from space 25088K, 35% used [0x00000000fcb00000,0x00000000fd3c6560,0x00000000fe380000)
  to   space 24576K, 0% used [0x00000000fe680000,0x00000000fe680000,0x00000000ffe80000)
 ParOldGen       total 89600K, used 65714K [0x00000000c0000000, 0x00000000c5780000, 0x00000000eab00000)
  object space 89600K, 73% used [0x00000000c0000000,0x00000000c402ca60,0x00000000c5780000)
 Metaspace       used 40871K, capacity 41702K, committed 41984K, reserved 1085440K
  class space    used 5785K, capacity 6079K, committed 6144K, reserved 1048576K
}
Event: 54.225 GC heap before
{Heap before GC invocations=20 (full 2):
 PSYoungGen      total 320000K, used 303897K [0x00000000eab00000, 0x00000000ffe80000, 0x0000000100000000)
  eden space 294912K, 100% used [0x00000000eab00000,0x00000000fcb00000,0x00000000fcb00000)
  from space 25088K, 35% used [0x00000000fcb00000,0x00000000fd3c6560,0x00000000fe380000)
  to   space 24576K, 0% used [0x00000000fe680000,0x00000000fe680000,0x00000000ffe80000)
 ParOldGen       total 89600K, used 65714K [0x00000000c0000000, 0x00000000c5780000, 0x00000000eab00000)
  object space 89600K, 73% used [0x00000000c0000000,0x00000000c402ca60,0x00000000c5780000)
 Metaspace       used 40878K, capacity 41766K, committed 41984K, reserved 1085440K
  class space    used 5785K, capacity 6079K, committed 6144K, reserved 1048576K
Event: 54.281 GC heap after
Heap after GC invocations=20 (full 2):
 PSYoungGen      total 323072K, used 10784K [0x00000000eab00000, 0x00000000ffd80000, 0x0000000100000000)
  eden space 299520K, 0% used [0x00000000eab00000,0x00000000eab00000,0x00000000fcf80000)
  from space 23552K, 45% used [0x00000000fe680000,0x00000000ff1080b0,0x00000000ffd80000)
  to   space 23552K, 0% used [0x00000000fcf80000,0x00000000fcf80000,0x00000000fe680000)
 ParOldGen       total 89600K, used 71739K [0x00000000c0000000, 0x00000000c5780000, 0x00000000eab00000)
  object space 89600K, 80% used [0x00000000c0000000,0x00000000c460efc0,0x00000000c5780000)
 Metaspace       used 40878K, capacity 41766K, committed 41984K, reserved 1085440K
  class space    used 5785K, capacity 6079K, committed 6144K, reserved 1048576K
}

