# JRE version: Java(TM) SE Runtime Environment (8.0_211-b12) (build 1.8.0_211-b12)
# Java VM: Java HotSpot(TM) 64-Bit Server VM (25.211-b12 mixed mode linux-amd64 compressed oops)
Heap:
 PSYoungGen      total 221696K, used 193794K [0x00000000f0000000, 0x0000000100000000, 0x0000000100000000)
  eden space 181248K, 92% used [0x00000000f0000000,0x00000000fa3800e0,0x00000000fb100000)
  from space 40448K, 65% used [0x00000000fb100000,0x00000000fcac0a78,0x00000000fd880000)
  to   space 39936K, 0% used [0x00000000fd900000,0x00000000fd900000,0x0000000100000000)
 ParOldGen       total 524288K, used 313722K [0x00000000d0000000, 0x00000000f0000000, 0x00000000f0000000)
  object space 524288K, 59% used [0x00000000d0000000,0x00000000e325eb30,0x00000000f0000000)
 Metaspace       used 115691K, capacity 122368K, committed 122644K, reserved 1155072K
  class space    used 14130K, capacity 16070K, committed 16188K, reserved 1048576K
GC Heap History (10 events):
Event: 2327.455 GC heap before
{Heap before GC invocations=97 (full 4):
 PSYoungGen      total 217600K, used 191229K [0x00000000f0000000, 0x0000000100000000, 0x0000000100000000)
  eden space 171520K, 100% used [0x00000000f0000000,0x00000000fa780000,0x00000000fa780000)
  from space 46080K, 42% used [0x00000000fd300000,0x00000000fe63f7e0,0x0000000100000000)
  to   space 44544K, 0% used [0x00000000fa780000,0x00000000fa780000,0x00000000fd300000)
 ParOldGen       total 524288K, used 310623K [0x00000000d0000000, 0x00000000f0000000, 0x00000000f0000000)
  object space 524288K, 59% used [0x00000000d0000000,0x00000000e2f57c58,0x00000000f0000000)
 Metaspace       used 113297K, capacity 119374K, committed 119572K, reserved 1153024K
  class space    used 13598K, capacity 15383K, committed 15420K, reserved 1048576K
Event: 2327.506 GC heap after
Heap after GC invocations=97 (full 4):
 PSYoungGen      total 216064K, used 22709K [0x00000000f0000000, 0x0000000100000000, 0x0000000100000000)
  eden space 171520K, 0% used [0x00000000f0000000,0x00000000f0000000,0x00000000fa780000)
  from space 44544K, 50% used [0x00000000fa780000,0x00000000fbdad600,0x00000000fd300000)
  to   space 42496K, 0% used [0x00000000fd680000,0x00000000fd680000,0x0000000100000000)
 ParOldGen       total 524288K, used 310631K [0x00000000d0000000, 0x00000000f0000000, 0x00000000f0000000)
  object space 524288K, 59% used [0x00000000d0000000,0x00000000e2f59c58,0x00000000f0000000)
 Metaspace       used 113297K, capacity 119374K, committed 119572K, reserved 1153024K
  class space    used 13598K, capacity 15383K, committed 15420K, reserved 1048576K
}
Event: 2337.499 GC heap before
{Heap before GC invocations=98 (full 4):
 PSYoungGen      total 216064K, used 194229K [0x00000000f0000000, 0x0000000100000000, 0x0000000100000000)
  eden space 171520K, 100% used [0x00000000f0000000,0x00000000fa780000,0x00000000fa780000)
  from space 44544K, 50% used [0x00000000fa780000,0x00000000fbdad600,0x00000000fd300000)
  to   space 42496K, 0% used [0x00000000fd680000,0x00000000fd680000,0x0000000100000000)
 ParOldGen       total 524288K, used 310631K [0x00000000d0000000, 0x00000000f0000000, 0x00000000f0000000)
  object space 524288K, 59% used [0x00000000d0000000,0x00000000e2f59c58,0x00000000f0000000)
 Metaspace       used 113496K, capacity 119688K, committed 119956K, reserved 1153024K
  class space    used 13631K, capacity 15434K, committed 15548K, reserved 1048576K
Event: 2337.544 GC heap after
Heap after GC invocations=98 (full 4):
 PSYoungGen      total 221696K, used 23372K [0x00000000f0000000, 0x0000000100000000, 0x0000000100000000)
  eden space 179200K, 0% used [0x00000000f0000000,0x00000000f0000000,0x00000000faf00000)
  from space 42496K, 54% used [0x00000000fd680000,0x00000000fed53320,0x0000000100000000)
  to   space 40448K, 0% used [0x00000000faf00000,0x00000000faf00000,0x00000000fd680000)
 ParOldGen       total 524288K, used 310639K [0x00000000d0000000, 0x00000000f0000000, 0x00000000f0000000)
  object space 524288K, 59% used [0x00000000d0000000,0x00000000e2f5bc58,0x00000000f0000000)
 Metaspace       used 113496K, capacity 119688K, committed 119956K, reserved 1153024K
  class space    used 13631K, capacity 15434K, committed 15548K, reserved 1048576K
}
Event: 2339.432 GC heap before
{Heap before GC invocations=99 (full 4):
 PSYoungGen      total 221696K, used 202572K [0x00000000f0000000, 0x0000000100000000, 0x0000000100000000)
  eden space 179200K, 100% used [0x00000000f0000000,0x00000000faf00000,0x00000000faf00000)
  from space 42496K, 54% used [0x00000000fd680000,0x00000000fed53320,0x0000000100000000)
  to   space 40448K, 0% used [0x00000000faf00000,0x00000000faf00000,0x00000000fd680000)
 ParOldGen       total 524288K, used 310639K [0x00000000d0000000, 0x00000000f0000000, 0x00000000f0000000)
  object space 524288K, 59% used [0x00000000d0000000,0x00000000e2f5bc58,0x00000000f0000000)
 Metaspace       used 113802K, capacity 120022K, committed 120212K, reserved 1155072K
  class space    used 13715K, capacity 15546K, committed 15548K, reserved 1048576K
Event: 2339.487 GC heap after
Heap after GC invocations=99 (full 4):
 PSYoungGen      total 219648K, used 26499K [0x00000000f0000000, 0x0000000100000000, 0x0000000100000000)
  eden space 179200K, 0% used [0x00000000f0000000,0x00000000f0000000,0x00000000faf00000)
  from space 40448K, 65% used [0x00000000faf00000,0x00000000fc8e0cb8,0x00000000fd680000)
  to   space 40448K, 0% used [0x00000000fd880000,0x00000000fd880000,0x0000000100000000)
 ParOldGen       total 524288K, used 310639K [0x00000000d0000000, 0x00000000f0000000, 0x00000000f0000000)
  object space 524288K, 59% used [0x00000000d0000000,0x00000000e2f5bc58,0x00000000f0000000)
 Metaspace       used 113802K, capacity 120022K, committed 120212K, reserved 1155072K
  class space    used 13715K, capacity 15546K, committed 15548K, reserved 1048576K
}
Event: 2341.644 GC heap before
{Heap before GC invocations=100 (full 4):
 PSYoungGen      total 219648K, used 205699K [0x00000000f0000000, 0x0000000100000000, 0x0000000100000000)
  eden space 179200K, 100% used [0x00000000f0000000,0x00000000faf00000,0x00000000faf00000)
  from space 40448K, 65% used [0x00000000faf00000,0x00000000fc8e0cb8,0x00000000fd680000)
  to   space 40448K, 0% used [0x00000000fd880000,0x00000000fd880000,0x0000000100000000)
 ParOldGen       total 524288K, used 310639K [0x00000000d0000000, 0x00000000f0000000, 0x00000000f0000000)
  object space 524288K, 59% used [0x00000000d0000000,0x00000000e2f5bc58,0x00000000f0000000)
 Metaspace       used 114563K, capacity 120926K, committed 121236K, reserved 1155072K
  class space    used 13891K, capacity 15742K, committed 15804K, reserved 1048576K
Event: 2341.700 GC heap after
Heap after GC invocations=100 (full 4):
 PSYoungGen      total 221696K, used 28524K [0x00000000f0000000, 0x0000000100000000, 0x0000000100000000)
  eden space 181248K, 0% used [0x00000000f0000000,0x00000000f0000000,0x00000000fb100000)
  from space 40448K, 70% used [0x00000000fd880000,0x00000000ff45b200,0x0000000100000000)
  to   space 40448K, 0% used [0x00000000fb100000,0x00000000fb100000,0x00000000fd880000)
 ParOldGen       total 524288K, used 310639K [0x00000000d0000000, 0x00000000f0000000, 0x00000000f0000000)
  object space 524288K, 59% used [0x00000000d0000000,0x00000000e2f5bc58,0x00000000f0000000)
 Metaspace       used 114563K, capacity 120926K, committed 121236K, reserved 1155072K
  class space    used 13891K, capacity 15742K, committed 15804K, reserved 1048576K
}
Event: 2541.015 GC heap before
{Heap before GC invocations=101 (full 4):
 PSYoungGen      total 221696K, used 209772K [0x00000000f0000000, 0x0000000100000000, 0x0000000100000000)
  eden space 181248K, 100% used [0x00000000f0000000,0x00000000fb100000,0x00000000fb100000)
  from space 40448K, 70% used [0x00000000fd880000,0x00000000ff45b200,0x0000000100000000)
  to   space 40448K, 0% used [0x00000000fb100000,0x00000000fb100000,0x00000000fd880000)
 ParOldGen       total 524288K, used 310639K [0x00000000d0000000, 0x00000000f0000000, 0x00000000f0000000)
  object space 524288K, 59% used [0x00000000d0000000,0x00000000e2f5bc58,0x00000000f0000000)
 Metaspace       used 114887K, capacity 121582K, committed 121620K, reserved 1155072K
  class space    used 13964K, capacity 15895K, committed 15932K, reserved 1048576K
Event: 2541.069 GC heap after
Heap after GC invocations=101 (full 4):
 PSYoungGen      total 221696K, used 26370K [0x00000000f0000000, 0x0000000100000000, 0x0000000100000000)
  eden space 181248K, 0% used [0x00000000f0000000,0x00000000f0000000,0x00000000fb100000)
  from space 40448K, 65% used [0x00000000fb100000,0x00000000fcac0a78,0x00000000fd880000)
  to   space 39936K, 0% used [0x00000000fd900000,0x00000000fd900000,0x0000000100000000)
 ParOldGen       total 524288K, used 313722K [0x00000000d0000000, 0x00000000f0000000, 0x00000000f0000000)
  object space 524288K, 59% used [0x00000000d0000000,0x00000000e325eb30,0x00000000f0000000)
 Metaspace       used 114887K, capacity 121582K, committed 121620K, reserved 1155072K
  class space    used 13964K, capacity 15895K, committed 15932K, reserved 1048576K
}

