# JRE version: Java(TM) SE Runtime Environment (8.0_211-b12) (build 1.8.0_211-b12)
# Java VM: Java HotSpot(TM) 64-Bit Server VM (25.211-b12 mixed mode linux-amd64 compressed oops)
Heap:
 PSYoungGen      total 515072K, used 210339K [0x00000000da380000, 0x0000000100000000, 0x0000000100000000)
  eden space 448000K, 33% used [0x00000000da380000,0x00000000e38130d8,0x00000000f5900000)
  from space 67072K, 86% used [0x00000000f5900000,0x00000000f91d5f20,0x00000000f9a80000)
  to   space 75264K, 0% used [0x00000000fb680000,0x00000000fb680000,0x0000000100000000)
 ParOldGen       total 235520K, used 189508K [0x000000008ea00000, 0x000000009d000000, 0x00000000da380000)
  object space 235520K, 80% used [0x000000008ea00000,0x000000009a3111d8,0x000000009d000000)
 Metaspace       used 31667K, capacity 32408K, committed 32640K, reserved 1079296K
  class space    used 3346K, capacity 3622K, committed 3712K, reserved 1048576K
GC Heap History (10 events):
Event: 45.589 GC heap before
{Heap before GC invocations=15 (full 1):
 PSYoungGen      total 324608K, used 306660K [0x00000000da380000, 0x00000000f4380000, 0x0000000100000000)
  eden space 296960K, 100% used [0x00000000da380000,0x00000000ec580000,0x00000000ec580000)
  from space 27648K, 35% used [0x00000000ec580000,0x00000000ecef93f8,0x00000000ee080000)
  to   space 26112K, 0% used [0x00000000f2a00000,0x00000000f2a00000,0x00000000f4380000)
 ParOldGen       total 128000K, used 64109K [0x000000008ea00000, 0x0000000096700000, 0x00000000da380000)
  object space 128000K, 50% used [0x000000008ea00000,0x000000009289b4b0,0x0000000096700000)
 Metaspace       used 26375K, capacity 26814K, committed 27136K, reserved 1073152K
  class space    used 2837K, capacity 2965K, committed 3072K, reserved 1048576K
Event: 45.738 GC heap after
Heap after GC invocations=15 (full 1):
 PSYoungGen      total 391680K, used 26080K [0x00000000da380000, 0x00000000f5480000, 0x0000000100000000)
  eden space 365568K, 0% used [0x00000000da380000,0x00000000da380000,0x00000000f0880000)
  from space 26112K, 99% used [0x00000000f2a00000,0x00000000f4378030,0x00000000f4380000)
  to   space 34304K, 0% used [0x00000000f0880000,0x00000000f0880000,0x00000000f2a00000)
 ParOldGen       total 128000K, used 75574K [0x000000008ea00000, 0x0000000096700000, 0x00000000da380000)
  object space 128000K, 59% used [0x000000008ea00000,0x00000000933cd990,0x0000000096700000)
 Metaspace       used 26375K, capacity 26814K, committed 27136K, reserved 1073152K
  class space    used 2837K, capacity 2965K, committed 3072K, reserved 1048576K
}
Event: 53.483 GC heap before
{Heap before GC invocations=16 (full 1):
 PSYoungGen      total 391680K, used 391648K [0x00000000da380000, 0x00000000f5480000, 0x0000000100000000)
  eden space 365568K, 100% used [0x00000000da380000,0x00000000f0880000,0x00000000f0880000)
  from space 26112K, 99% used [0x00000000f2a00000,0x00000000f4378030,0x00000000f4380000)
  to   space 34304K, 0% used [0x00000000f0880000,0x00000000f0880000,0x00000000f2a00000)
 ParOldGen       total 128000K, used 75574K [0x000000008ea00000, 0x0000000096700000, 0x00000000da380000)
  object space 128000K, 59% used [0x000000008ea00000,0x00000000933cd990,0x0000000096700000)
 Metaspace       used 26928K, capacity 27454K, committed 27648K, reserved 1073152K
  class space    used 2896K, capacity 3061K, committed 3072K, reserved 1048576K
Event: 53.719 GC heap after
Heap after GC invocations=16 (full 1):
 PSYoungGen      total 399872K, used 34288K [0x00000000da380000, 0x00000000fd980000, 0x0000000100000000)
  eden space 365568K, 0% used [0x00000000da380000,0x00000000da380000,0x00000000f0880000)
  from space 34304K, 99% used [0x00000000f0880000,0x00000000f29fc070,0x00000000f2a00000)
  to   space 55296K, 0% used [0x00000000fa380000,0x00000000fa380000,0x00000000fd980000)
 ParOldGen       total 128000K, used 116179K [0x000000008ea00000, 0x0000000096700000, 0x00000000da380000)
  object space 128000K, 90% used [0x000000008ea00000,0x0000000095b74ff8,0x0000000096700000)
 Metaspace       used 26928K, capacity 27454K, committed 27648K, reserved 1073152K
  class space    used 2896K, capacity 3061K, committed 3072K, reserved 1048576K
}
Event: 53.719 GC heap before
{Heap before GC invocations=17 (full 2):
 PSYoungGen      total 399872K, used 34288K [0x00000000da380000, 0x00000000fd980000, 0x0000000100000000)
  eden space 365568K, 0% used [0x00000000da380000,0x00000000da380000,0x00000000f0880000)
  from space 34304K, 99% used [0x00000000f0880000,0x00000000f29fc070,0x00000000f2a00000)
  to   space 55296K, 0% used [0x00000000fa380000,0x00000000fa380000,0x00000000fd980000)
 ParOldGen       total 128000K, used 116179K [0x000000008ea00000, 0x0000000096700000, 0x00000000da380000)
  object space 128000K, 90% used [0x000000008ea00000,0x0000000095b74ff8,0x0000000096700000)
 Metaspace       used 26928K, capacity 27454K, committed 27648K, reserved 1073152K
  class space    used 2896K, capacity 3061K, committed 3072K, reserved 1048576K
Event: 55.012 GC heap after
Heap after GC invocations=17 (full 2):
 PSYoungGen      total 399872K, used 5548K [0x00000000da380000, 0x00000000fd980000, 0x0000000100000000)
  eden space 365568K, 0% used [0x00000000da380000,0x00000000da380000,0x00000000f0880000)
  from space 34304K, 16% used [0x00000000f0880000,0x00000000f0deb0d8,0x00000000f2a00000)
  to   space 55296K, 0% used [0x00000000fa380000,0x00000000fa380000,0x00000000fd980000)
 ParOldGen       total 235520K, used 127684K [0x000000008ea00000, 0x000000009d000000, 0x00000000da380000)
  object space 235520K, 54% used [0x000000008ea00000,0x00000000966b10e8,0x000000009d000000)
 Metaspace       used 26928K, capacity 27454K, committed 27648K, reserved 1073152K
  class space    used 2896K, capacity 3061K, committed 3072K, reserved 1048576K
}
Event: 59.984 GC heap before
{Heap before GC invocations=18 (full 2):
 PSYoungGen      total 399872K, used 371116K [0x00000000da380000, 0x00000000fd980000, 0x0000000100000000)
  eden space 365568K, 100% used [0x00000000da380000,0x00000000f0880000,0x00000000f0880000)
  from space 34304K, 16% used [0x00000000f0880000,0x00000000f0deb0d8,0x00000000f2a00000)
  to   space 55296K, 0% used [0x00000000fa380000,0x00000000fa380000,0x00000000fd980000)
 ParOldGen       total 235520K, used 127684K [0x000000008ea00000, 0x000000009d000000, 0x00000000da380000)
  object space 235520K, 54% used [0x000000008ea00000,0x00000000966b10e8,0x000000009d000000)
 Metaspace       used 27021K, capacity 27524K, committed 27648K, reserved 1073152K
  class space    used 2896K, capacity 3062K, committed 3072K, reserved 1048576K
Event: 60.239 GC heap after
Heap after GC invocations=18 (full 2):
 PSYoungGen      total 503296K, used 55264K [0x00000000da380000, 0x00000000fdc00000, 0x0000000100000000)
  eden space 448000K, 0% used [0x00000000da380000,0x00000000da380000,0x00000000f5900000)
  from space 55296K, 99% used [0x00000000fa380000,0x00000000fd978040,0x00000000fd980000)
  to   space 67072K, 0% used [0x00000000f5900000,0x00000000f5900000,0x00000000f9a80000)
 ParOldGen       total 235520K, used 134196K [0x000000008ea00000, 0x000000009d000000, 0x00000000da380000)
  object space 235520K, 56% used [0x000000008ea00000,0x0000000096d0d0e8,0x000000009d000000)
 Metaspace       used 27021K, capacity 27524K, committed 27648K, reserved 1073152K
  class space    used 2896K, capacity 3062K, committed 3072K, reserved 1048576K
}
Event: 66.127 GC heap before
{Heap before GC invocations=19 (full 2):
 PSYoungGen      total 503296K, used 503264K [0x00000000da380000, 0x00000000fdc00000, 0x0000000100000000)
  eden space 448000K, 100% used [0x00000000da380000,0x00000000f5900000,0x00000000f5900000)
  from space 55296K, 99% used [0x00000000fa380000,0x00000000fd978040,0x00000000fd980000)
  to   space 67072K, 0% used [0x00000000f5900000,0x00000000f5900000,0x00000000f9a80000)
 ParOldGen       total 235520K, used 134196K [0x000000008ea00000, 0x000000009d000000, 0x00000000da380000)
  object space 235520K, 56% used [0x000000008ea00000,0x0000000096d0d0e8,0x000000009d000000)
 Metaspace       used 29240K, capacity 29972K, committed 30080K, reserved 1075200K
  class space    used 3099K, capacity 3392K, committed 3456K, reserved 1048576K
Event: 66.421 GC heap after
Heap after GC invocations=19 (full 2):
 PSYoungGen      total 515072K, used 58199K [0x00000000da380000, 0x0000000100000000, 0x0000000100000000)
  eden space 448000K, 0% used [0x00000000da380000,0x00000000da380000,0x00000000f5900000)
  from space 67072K, 86% used [0x00000000f5900000,0x00000000f91d5f20,0x00000000f9a80000)
  to   space 75264K, 0% used [0x00000000fb680000,0x00000000fb680000,0x0000000100000000)
 ParOldGen       total 235520K, used 189508K [0x000000008ea00000, 0x000000009d000000, 0x00000000da380000)
  object space 235520K, 80% used [0x000000008ea00000,0x000000009a3111d8,0x000000009d000000)
 Metaspace       used 29240K, capacity 29972K, committed 30080K, reserved 1075200K
  class space    used 3099K, capacity 3392K, committed 3456K, reserved 1048576K
}

