# JRE version: Java(TM) SE Runtime Environment (8.0_211-b12) (build 1.8.0_211-b12)
# Java VM: Java HotSpot(TM) 64-Bit Server VM (25.211-b12 mixed mode linux-amd64 compressed oops)
Heap:
 PSYoungGen      total 123392K, used 99193K [0x00000000eab00000, 0x00000000f2800000, 0x0000000100000000)
  eden space 118784K, 83% used [0x00000000eab00000,0x00000000f0bde688,0x00000000f1f00000)
  from space 4608K, 0% used [0x00000000f2380000,0x00000000f2380000,0x00000000f2800000)
  to   space 4608K, 0% used [0x00000000f1f00000,0x00000000f1f00000,0x00000000f2380000)
 ParOldGen       total 55808K, used 7504K [0x00000000c0000000, 0x00000000c3680000, 0x00000000eab00000)
  object space 55808K, 13% used [0x00000000c0000000,0x00000000c07541a0,0x00000000c3680000)
 Metaspace       used 28462K, capacity 28956K, committed 29056K, reserved 1075200K
  class space    used 3992K, capacity 4163K, committed 4224K, reserved 1048576K
GC Heap History (10 events):
Event: 1.338 GC heap before
{Heap before GC invocations=1 (full 0):
 PSYoungGen      total 34304K, used 29696K [0x00000000eab00000, 0x00000000ed100000, 0x0000000100000000)
  eden space 29696K, 100% used [0x00000000eab00000,0x00000000ec800000,0x00000000ec800000)
  from space 4608K, 0% used [0x00000000ecc80000,0x00000000ecc80000,0x00000000ed100000)
  to   space 4608K, 0% used [0x00000000ec800000,0x00000000ec800000,0x00000000ecc80000)
 ParOldGen       total 77824K, used 0K [0x00000000c0000000, 0x00000000c4c00000, 0x00000000eab00000)
  object space 77824K, 0% used [0x00000000c0000000,0x00000000c0000000,0x00000000c4c00000)
 Metaspace       used 6913K, capacity 7044K, committed 7168K, reserved 1056768K
  class space    used 869K, capacity 920K, committed 1024K, reserved 1048576K
Event: 1.353 GC heap after
Heap after GC invocations=1 (full 0):
 PSYoungGen      total 34304K, used 4146K [0x00000000eab00000, 0x00000000eee00000, 0x0000000100000000)
  eden space 29696K, 0% used [0x00000000eab00000,0x00000000eab00000,0x00000000ec800000)
  from space 4608K, 89% used [0x00000000ec800000,0x00000000ecc0c858,0x00000000ecc80000)
  to   space 4608K, 0% used [0x00000000ee980000,0x00000000ee980000,0x00000000eee00000)
 ParOldGen       total 77824K, used 8K [0x00000000c0000000, 0x00000000c4c00000, 0x00000000eab00000)
  object space 77824K, 0% used [0x00000000c0000000,0x00000000c0002000,0x00000000c4c00000)
 Metaspace       used 6913K, capacity 7044K, committed 7168K, reserved 1056768K
  class space    used 869K, capacity 920K, committed 1024K, reserved 1048576K
}
Event: 2.625 GC heap before
{Heap before GC invocations=2 (full 0):
 PSYoungGen      total 34304K, used 33842K [0x00000000eab00000, 0x00000000eee00000, 0x0000000100000000)
  eden space 29696K, 100% used [0x00000000eab00000,0x00000000ec800000,0x00000000ec800000)
  from space 4608K, 89% used [0x00000000ec800000,0x00000000ecc0c858,0x00000000ecc80000)
  to   space 4608K, 0% used [0x00000000ee980000,0x00000000ee980000,0x00000000eee00000)
 ParOldGen       total 77824K, used 8K [0x00000000c0000000, 0x00000000c4c00000, 0x00000000eab00000)
  object space 77824K, 0% used [0x00000000c0000000,0x00000000c0002000,0x00000000c4c00000)
 Metaspace       used 11550K, capacity 11878K, committed 12032K, reserved 1058816K
  class space    used 1561K, capacity 1673K, committed 1792K, reserved 1048576K
Event: 2.644 GC heap after
Heap after GC invocations=2 (full 0):
 PSYoungGen      total 64000K, used 4591K [0x00000000eab00000, 0x00000000eee00000, 0x0000000100000000)
  eden space 59392K, 0% used [0x00000000eab00000,0x00000000eab00000,0x00000000ee500000)
  from space 4608K, 99% used [0x00000000ee980000,0x00000000eedfbe58,0x00000000eee00000)
  to   space 4608K, 0% used [0x00000000ee500000,0x00000000ee500000,0x00000000ee980000)
 ParOldGen       total 77824K, used 730K [0x00000000c0000000, 0x00000000c4c00000, 0x00000000eab00000)
  object space 77824K, 0% used [0x00000000c0000000,0x00000000c00b6970,0x00000000c4c00000)
 Metaspace       used 11550K, capacity 11878K, committed 12032K, reserved 1058816K
  class space    used 1561K, capacity 1673K, committed 1792K, reserved 1048576K
}
Event: 5.562 GC heap before
{Heap before GC invocations=3 (full 0):
 PSYoungGen      total 64000K, used 63983K [0x00000000eab00000, 0x00000000eee00000, 0x0000000100000000)
  eden space 59392K, 100% used [0x00000000eab00000,0x00000000ee500000,0x00000000ee500000)
  from space 4608K, 99% used [0x00000000ee980000,0x00000000eedfbe58,0x00000000eee00000)
  to   space 4608K, 0% used [0x00000000ee500000,0x00000000ee500000,0x00000000ee980000)
 ParOldGen       total 77824K, used 730K [0x00000000c0000000, 0x00000000c4c00000, 0x00000000eab00000)
  object space 77824K, 0% used [0x00000000c0000000,0x00000000c00b6970,0x00000000c4c00000)
 Metaspace       used 19952K, capacity 20274K, committed 20352K, reserved 1067008K
  class space    used 2784K, capacity 2892K, committed 2944K, reserved 1048576K
Event: 5.594 GC heap after
Heap after GC invocations=3 (full 0):
 PSYoungGen      total 64000K, used 4576K [0x00000000eab00000, 0x00000000f2800000, 0x0000000100000000)
  eden space 59392K, 0% used [0x00000000eab00000,0x00000000eab00000,0x00000000ee500000)
  from space 4608K, 99% used [0x00000000ee500000,0x00000000ee978020,0x00000000ee980000)
  to   space 4608K, 0% used [0x00000000f2380000,0x00000000f2380000,0x00000000f2800000)
 ParOldGen       total 77824K, used 7925K [0x00000000c0000000, 0x00000000c4c00000, 0x00000000eab00000)
  object space 77824K, 10% used [0x00000000c0000000,0x00000000c07bd7d8,0x00000000c4c00000)
 Metaspace       used 19952K, capacity 20274K, committed 20352K, reserved 1067008K
  class space    used 2784K, capacity 2892K, committed 2944K, reserved 1048576K
}
Event: 5.888 GC heap before
{Heap before GC invocations=4 (full 0):
 PSYoungGen      total 64000K, used 13340K [0x00000000eab00000, 0x00000000f2800000, 0x0000000100000000)
  eden space 59392K, 14% used [0x00000000eab00000,0x00000000eb38f250,0x00000000ee500000)
  from space 4608K, 99% used [0x00000000ee500000,0x00000000ee978020,0x00000000ee980000)
  to   space 4608K, 0% used [0x00000000f2380000,0x00000000f2380000,0x00000000f2800000)
 ParOldGen       total 77824K, used 7925K [0x00000000c0000000, 0x00000000c4c00000, 0x00000000eab00000)
  object space 77824K, 10% used [0x00000000c0000000,0x00000000c07bd7d8,0x00000000c4c00000)
 Metaspace       used 20853K, capacity 21144K, committed 21296K, reserved 1067008K
  class space    used 2819K, capacity 2925K, committed 2944K, reserved 1048576K
Event: 5.906 GC heap after
Heap after GC invocations=4 (full 0):
 PSYoungGen      total 123392K, used 4576K [0x00000000eab00000, 0x00000000f2800000, 0x0000000100000000)
  eden space 118784K, 0% used [0x00000000eab00000,0x00000000eab00000,0x00000000f1f00000)
  from space 4608K, 99% used [0x00000000f2380000,0x00000000f27f8020,0x00000000f2800000)
  to   space 4608K, 0% used [0x00000000f1f00000,0x00000000f1f00000,0x00000000f2380000)
 ParOldGen       total 77824K, used 8564K [0x00000000c0000000, 0x00000000c4c00000, 0x00000000eab00000)
  object space 77824K, 11% used [0x00000000c0000000,0x00000000c085d238,0x00000000c4c00000)
 Metaspace       used 20853K, capacity 21144K, committed 21296K, reserved 1067008K
  class space    used 2819K, capacity 2925K, committed 2944K, reserved 1048576K
}
Event: 5.906 GC heap before
{Heap before GC invocations=5 (full 1):
 PSYoungGen      total 123392K, used 4576K [0x00000000eab00000, 0x00000000f2800000, 0x0000000100000000)
  eden space 118784K, 0% used [0x00000000eab00000,0x00000000eab00000,0x00000000f1f00000)
  from space 4608K, 99% used [0x00000000f2380000,0x00000000f27f8020,0x00000000f2800000)
  to   space 4608K, 0% used [0x00000000f1f00000,0x00000000f1f00000,0x00000000f2380000)
 ParOldGen       total 77824K, used 8564K [0x00000000c0000000, 0x00000000c4c00000, 0x00000000eab00000)
  object space 77824K, 11% used [0x00000000c0000000,0x00000000c085d238,0x00000000c4c00000)
 Metaspace       used 20853K, capacity 21144K, committed 21296K, reserved 1067008K
  class space    used 2819K, capacity 2925K, committed 2944K, reserved 1048576K
Event: 5.985 GC heap after
Heap after GC invocations=5 (full 1):
 PSYoungGen      total 123392K, used 0K [0x00000000eab00000, 0x00000000f2800000, 0x0000000100000000)
  eden space 118784K, 0% used [0x00000000eab00000,0x00000000eab00000,0x00000000f1f00000)
  from space 4608K, 0% used [0x00000000f2380000,0x00000000f2380000,0x00000000f2800000)
  to   space 4608K, 0% used [0x00000000f1f00000,0x00000000f1f00000,0x00000000f2380000)
 ParOldGen       total 55808K, used 7504K [0x00000000c0000000, 0x00000000c3680000, 0x00000000eab00000)
  object space 55808K, 13% used [0x00000000c0000000,0x00000000c07541a0,0x00000000c3680000)
 Metaspace       used 20853K, capacity 21144K, committed 21296K, reserved 1067008K
  class space    used 2819K, capacity 2925K, committed 2944K, reserved 1048576K
}

