# JRE version: Java(TM) SE Runtime Environment (8.0_211-b12) (build 1.8.0_211-b12)
# Java VM: Java HotSpot(TM) 64-Bit Server VM (25.211-b12 mixed mode linux-amd64 compressed oops)
Heap:
 PSYoungGen      total 502272K, used 436406K [0x00000000da380000, 0x0000000100000000, 0x0000000100000000)
  eden space 454144K, 85% used [0x00000000da380000,0x00000000f1eb2010,0x00000000f5f00000)
  from space 48128K, 99% used [0x00000000fd100000,0x00000000ffffb858,0x0000000100000000)
  to   space 82432K, 0% used [0x00000000f5f00000,0x00000000f5f00000,0x00000000faf80000)
 ParOldGen       total 225280K, used 169705K [0x000000008ea00000, 0x000000009c600000, 0x00000000da380000)
  object space 225280K, 75% used [0x000000008ea00000,0x0000000098fba4d8,0x000000009c600000)
 Metaspace       used 30586K, capacity 31288K, committed 31488K, reserved 1077248K
  class space    used 3255K, capacity 3526K, committed 3584K, reserved 1048576K
GC Heap History (10 events):
Event: 28.323 GC heap before
{Heap before GC invocations=12 (full 1):
 PSYoungGen      total 404480K, used 2077K [0x00000000da380000, 0x0000000100000000, 0x0000000100000000)
  eden space 370176K, 0% used [0x00000000da380000,0x00000000da380000,0x00000000f0d00000)
  from space 34304K, 6% used [0x00000000f0d00000,0x00000000f0f07400,0x00000000f2e80000)
  to   space 34304K, 0% used [0x00000000fde80000,0x00000000fde80000,0x0000000100000000)
 ParOldGen       total 77824K, used 72812K [0x000000008ea00000, 0x0000000093600000, 0x00000000da380000)
  object space 77824K, 93% used [0x000000008ea00000,0x000000009311b288,0x0000000093600000)
 Metaspace       used 20899K, capacity 21252K, committed 21296K, reserved 1069056K
  class space    used 2301K, capacity 2426K, committed 2432K, reserved 1048576K
Event: 28.889 GC heap after
Heap after GC invocations=12 (full 1):
 PSYoungGen      total 404480K, used 0K [0x00000000da380000, 0x0000000100000000, 0x0000000100000000)
  eden space 370176K, 0% used [0x00000000da380000,0x00000000da380000,0x00000000f0d00000)
  from space 34304K, 0% used [0x00000000f0d00000,0x00000000f0d00000,0x00000000f2e80000)
  to   space 34304K, 0% used [0x00000000fde80000,0x00000000fde80000,0x0000000100000000)
 ParOldGen       total 126464K, used 66400K [0x000000008ea00000, 0x0000000096580000, 0x00000000da380000)
  object space 126464K, 52% used [0x000000008ea00000,0x0000000092ad80f0,0x0000000096580000)
 Metaspace       used 20899K, capacity 21252K, committed 21296K, reserved 1069056K
  class space    used 2301K, capacity 2426K, committed 2432K, reserved 1048576K
}
Event: 34.644 GC heap before
{Heap before GC invocations=13 (full 1):
 PSYoungGen      total 404480K, used 370176K [0x00000000da380000, 0x0000000100000000, 0x0000000100000000)
  eden space 370176K, 100% used [0x00000000da380000,0x00000000f0d00000,0x00000000f0d00000)
  from space 34304K, 0% used [0x00000000f0d00000,0x00000000f0d00000,0x00000000f2e80000)
  to   space 34304K, 0% used [0x00000000fde80000,0x00000000fde80000,0x0000000100000000)
 ParOldGen       total 126464K, used 66400K [0x000000008ea00000, 0x0000000096580000, 0x00000000da380000)
  object space 126464K, 52% used [0x000000008ea00000,0x0000000092ad80f0,0x0000000096580000)
 Metaspace       used 23548K, capacity 23988K, committed 24320K, reserved 1071104K
  class space    used 2578K, capacity 2690K, committed 2816K, reserved 1048576K
Event: 34.770 GC heap after
Heap after GC invocations=13 (full 1):
 PSYoungGen      total 532992K, used 21501K [0x00000000da380000, 0x00000000ff380000, 0x0000000100000000)
  eden space 511488K, 0% used [0x00000000da380000,0x00000000da380000,0x00000000f9700000)
  from space 21504K, 99% used [0x00000000fde80000,0x00000000ff37f770,0x00000000ff380000)
  to   space 35328K, 0% used [0x00000000fae80000,0x00000000fae80000,0x00000000fd100000)
 ParOldGen       total 126464K, used 66408K [0x000000008ea00000, 0x0000000096580000, 0x00000000da380000)
  object space 126464K, 52% used [0x000000008ea00000,0x0000000092ada0f0,0x0000000096580000)
 Metaspace       used 23548K, capacity 23988K, committed 24320K, reserved 1071104K
  class space    used 2578K, capacity 2690K, committed 2816K, reserved 1048576K
}
Event: 47.757 GC heap before
{Heap before GC invocations=14 (full 1):
 PSYoungGen      total 532992K, used 532989K [0x00000000da380000, 0x00000000ff380000, 0x0000000100000000)
  eden space 511488K, 100% used [0x00000000da380000,0x00000000f9700000,0x00000000f9700000)
  from space 21504K, 99% used [0x00000000fde80000,0x00000000ff37f770,0x00000000ff380000)
  to   space 35328K, 0% used [0x00000000fae80000,0x00000000fae80000,0x00000000fd100000)
 ParOldGen       total 126464K, used 66408K [0x000000008ea00000, 0x0000000096580000, 0x00000000da380000)
  object space 126464K, 52% used [0x000000008ea00000,0x0000000092ada0f0,0x0000000096580000)
 Metaspace       used 26943K, capacity 27454K, committed 27648K, reserved 1073152K
  class space    used 2896K, capacity 3061K, committed 3072K, reserved 1048576K
Event: 48.036 GC heap after
Heap after GC invocations=14 (full 1):
 PSYoungGen      total 570880K, used 35312K [0x00000000da380000, 0x0000000100000000, 0x0000000100000000)
  eden space 535552K, 0% used [0x00000000da380000,0x00000000da380000,0x00000000fae80000)
  from space 35328K, 99% used [0x00000000fae80000,0x00000000fd0fc090,0x00000000fd100000)
  to   space 48128K, 0% used [0x00000000fd100000,0x00000000fd100000,0x0000000100000000)
 ParOldGen       total 126464K, used 117467K [0x000000008ea00000, 0x0000000096580000, 0x00000000da380000)
  object space 126464K, 92% used [0x000000008ea00000,0x0000000095cb6ce0,0x0000000096580000)
 Metaspace       used 26943K, capacity 27454K, committed 27648K, reserved 1073152K
  class space    used 2896K, capacity 3061K, committed 3072K, reserved 1048576K
}
Event: 48.036 GC heap before
{Heap before GC invocations=15 (full 2):
 PSYoungGen      total 570880K, used 35312K [0x00000000da380000, 0x0000000100000000, 0x0000000100000000)
  eden space 535552K, 0% used [0x00000000da380000,0x00000000da380000,0x00000000fae80000)
  from space 35328K, 99% used [0x00000000fae80000,0x00000000fd0fc090,0x00000000fd100000)
  to   space 48128K, 0% used [0x00000000fd100000,0x00000000fd100000,0x0000000100000000)
 ParOldGen       total 126464K, used 117467K [0x000000008ea00000, 0x0000000096580000, 0x00000000da380000)
  object space 126464K, 92% used [0x000000008ea00000,0x0000000095cb6ce0,0x0000000096580000)
 Metaspace       used 26943K, capacity 27454K, committed 27648K, reserved 1073152K
  class space    used 2896K, capacity 3061K, committed 3072K, reserved 1048576K
Event: 49.358 GC heap after
Heap after GC invocations=15 (full 2):
 PSYoungGen      total 570880K, used 11735K [0x00000000da380000, 0x0000000100000000, 0x0000000100000000)
  eden space 535552K, 0% used [0x00000000da380000,0x00000000da380000,0x00000000fae80000)
  from space 35328K, 33% used [0x00000000fae80000,0x00000000fb9f5c88,0x00000000fd100000)
  to   space 48128K, 0% used [0x00000000fd100000,0x00000000fd100000,0x0000000100000000)
 ParOldGen       total 225280K, used 126278K [0x000000008ea00000, 0x000000009c600000, 0x00000000da380000)
  object space 225280K, 56% used [0x000000008ea00000,0x0000000096551988,0x000000009c600000)
 Metaspace       used 26943K, capacity 27454K, committed 27648K, reserved 1073152K
  class space    used 2896K, capacity 3061K, committed 3072K, reserved 1048576K
}
Event: 57.099 GC heap before
{Heap before GC invocations=16 (full 2):
 PSYoungGen      total 570880K, used 547287K [0x00000000da380000, 0x0000000100000000, 0x0000000100000000)
  eden space 535552K, 100% used [0x00000000da380000,0x00000000fae80000,0x00000000fae80000)
  from space 35328K, 33% used [0x00000000fae80000,0x00000000fb9f5c88,0x00000000fd100000)
  to   space 48128K, 0% used [0x00000000fd100000,0x00000000fd100000,0x0000000100000000)
 ParOldGen       total 225280K, used 126278K [0x000000008ea00000, 0x000000009c600000, 0x00000000da380000)
  object space 225280K, 56% used [0x000000008ea00000,0x0000000096551988,0x000000009c600000)
 Metaspace       used 28418K, capacity 28978K, committed 29056K, reserved 1075200K
  class space    used 3006K, capacity 3171K, committed 3200K, reserved 1048576K
Event: 57.419 GC heap after
Heap after GC invocations=16 (full 2):
 PSYoungGen      total 502272K, used 48110K [0x00000000da380000, 0x0000000100000000, 0x0000000100000000)
  eden space 454144K, 0% used [0x00000000da380000,0x00000000da380000,0x00000000f5f00000)
  from space 48128K, 99% used [0x00000000fd100000,0x00000000ffffb858,0x0000000100000000)
  to   space 82432K, 0% used [0x00000000f5f00000,0x00000000f5f00000,0x00000000faf80000)
 ParOldGen       total 225280K, used 169705K [0x000000008ea00000, 0x000000009c600000, 0x00000000da380000)
  object space 225280K, 75% used [0x000000008ea00000,0x0000000098fba4d8,0x000000009c600000)
 Metaspace       used 28418K, capacity 28978K, committed 29056K, reserved 1075200K
  class space    used 3006K, capacity 3171K, committed 3200K, reserved 1048576K
}

