# JRE version: Java(TM) SE Runtime Environment (8.0_211-b12) (build 1.8.0_211-b12)
# Java VM: Java HotSpot(TM) 64-Bit Server VM (25.211-b12 mixed mode linux-amd64 compressed oops)
Heap:
 PSYoungGen      total 64000K, used 18180K [0x00000000da380000, 0x00000000de680000, 0x0000000100000000)
  eden space 59392K, 22% used [0x00000000da380000,0x00000000db0c5700,0x00000000ddd80000)
  from space 4608K, 99% used [0x00000000de200000,0x00000000de67bc40,0x00000000de680000)
  to   space 4608K, 0% used [0x00000000ddd80000,0x00000000ddd80000,0x00000000de200000)
 ParOldGen       total 77824K, used 5948K [0x000000008ea00000, 0x0000000093600000, 0x00000000da380000)
  object space 77824K, 7% used [0x000000008ea00000,0x000000008efcf330,0x0000000093600000)
 Metaspace       used 15940K, capacity 16332K, committed 16384K, reserved 1062912K
  class space    used 1883K, capacity 2006K, committed 2048K, reserved 1048576K
GC Heap History (8 events):
Event: 1.658 GC heap before
{Heap before GC invocations=1 (full 0):
 PSYoungGen      total 34304K, used 29696K [0x00000000da380000, 0x00000000dc980000, 0x0000000100000000)
  eden space 29696K, 100% used [0x00000000da380000,0x00000000dc080000,0x00000000dc080000)
  from space 4608K, 0% used [0x00000000dc500000,0x00000000dc500000,0x00000000dc980000)
  to   space 4608K, 0% used [0x00000000dc080000,0x00000000dc080000,0x00000000dc500000)
 ParOldGen       total 77824K, used 0K [0x000000008ea00000, 0x0000000093600000, 0x00000000da380000)
  object space 77824K, 0% used [0x000000008ea00000,0x000000008ea00000,0x0000000093600000)
 Metaspace       used 7681K, capacity 7900K, committed 8064K, reserved 1056768K
  class space    used 938K, capacity 1032K, committed 1152K, reserved 1048576K
Event: 1.668 GC heap after
Heap after GC invocations=1 (full 0):
 PSYoungGen      total 34304K, used 3486K [0x00000000da380000, 0x00000000dc980000, 0x0000000100000000)
  eden space 29696K, 0% used [0x00000000da380000,0x00000000da380000,0x00000000dc080000)
  from space 4608K, 75% used [0x00000000dc080000,0x00000000dc3e7ad8,0x00000000dc500000)
  to   space 4608K, 0% used [0x00000000dc500000,0x00000000dc500000,0x00000000dc980000)
 ParOldGen       total 77824K, used 8K [0x000000008ea00000, 0x0000000093600000, 0x00000000da380000)
  object space 77824K, 0% used [0x000000008ea00000,0x000000008ea02000,0x0000000093600000)
 Metaspace       used 7681K, capacity 7900K, committed 8064K, reserved 1056768K
  class space    used 938K, capacity 1032K, committed 1152K, reserved 1048576K
}
Event: 2.911 GC heap before
{Heap before GC invocations=2 (full 0):
 PSYoungGen      total 34304K, used 33182K [0x00000000da380000, 0x00000000dc980000, 0x0000000100000000)
  eden space 29696K, 100% used [0x00000000da380000,0x00000000dc080000,0x00000000dc080000)
  from space 4608K, 75% used [0x00000000dc080000,0x00000000dc3e7ad8,0x00000000dc500000)
  to   space 4608K, 0% used [0x00000000dc500000,0x00000000dc500000,0x00000000dc980000)
 ParOldGen       total 77824K, used 8K [0x000000008ea00000, 0x0000000093600000, 0x00000000da380000)
  object space 77824K, 0% used [0x000000008ea00000,0x000000008ea02000,0x0000000093600000)
 Metaspace       used 11642K, capacity 11994K, committed 12160K, reserved 1060864K
  class space    used 1432K, capacity 1581K, committed 1664K, reserved 1048576K
Event: 2.931 GC heap after
Heap after GC invocations=2 (full 0):
 PSYoungGen      total 34304K, used 4599K [0x00000000da380000, 0x00000000de680000, 0x0000000100000000)
  eden space 29696K, 0% used [0x00000000da380000,0x00000000da380000,0x00000000dc080000)
  from space 4608K, 99% used [0x00000000dc500000,0x00000000dc97df90,0x00000000dc980000)
  to   space 4608K, 0% used [0x00000000dc080000,0x00000000dc080000,0x00000000dc500000)
 ParOldGen       total 77824K, used 1612K [0x000000008ea00000, 0x0000000093600000, 0x00000000da380000)
  object space 77824K, 2% used [0x000000008ea00000,0x000000008eb93160,0x0000000093600000)
 Metaspace       used 11642K, capacity 11994K, committed 12160K, reserved 1060864K
  class space    used 1432K, capacity 1581K, committed 1664K, reserved 1048576K
}
Event: 3.841 GC heap before
{Heap before GC invocations=3 (full 0):
 PSYoungGen      total 34304K, used 34295K [0x00000000da380000, 0x00000000de680000, 0x0000000100000000)
  eden space 29696K, 100% used [0x00000000da380000,0x00000000dc080000,0x00000000dc080000)
  from space 4608K, 99% used [0x00000000dc500000,0x00000000dc97df90,0x00000000dc980000)
  to   space 4608K, 0% used [0x00000000dc080000,0x00000000dc080000,0x00000000dc500000)
 ParOldGen       total 77824K, used 1612K [0x000000008ea00000, 0x0000000093600000, 0x00000000da380000)
  object space 77824K, 2% used [0x000000008ea00000,0x000000008eb93160,0x0000000093600000)
 Metaspace       used 13970K, capacity 14330K, committed 14464K, reserved 1062912K
  class space    used 1689K, capacity 1805K, committed 1920K, reserved 1048576K
Event: 3.860 GC heap after
Heap after GC invocations=3 (full 0):
 PSYoungGen      total 34304K, used 4592K [0x00000000da380000, 0x00000000de680000, 0x0000000100000000)
  eden space 29696K, 0% used [0x00000000da380000,0x00000000da380000,0x00000000dc080000)
  from space 4608K, 99% used [0x00000000dc080000,0x00000000dc4fc010,0x00000000dc500000)
  to   space 4608K, 0% used [0x00000000de200000,0x00000000de200000,0x00000000de680000)
 ParOldGen       total 77824K, used 4270K [0x000000008ea00000, 0x0000000093600000, 0x00000000da380000)
  object space 77824K, 5% used [0x000000008ea00000,0x000000008ee2bb70,0x0000000093600000)
 Metaspace       used 13970K, capacity 14330K, committed 14464K, reserved 1062912K
  class space    used 1689K, capacity 1805K, committed 1920K, reserved 1048576K
}
Event: 4.232 GC heap before
{Heap before GC invocations=4 (full 0):
 PSYoungGen      total 34304K, used 34258K [0x00000000da380000, 0x00000000de680000, 0x0000000100000000)
  eden space 29696K, 99% used [0x00000000da380000,0x00000000dc078a70,0x00000000dc080000)
  from space 4608K, 99% used [0x00000000dc080000,0x00000000dc4fc010,0x00000000dc500000)
  to   space 4608K, 0% used [0x00000000de200000,0x00000000de200000,0x00000000de680000)
 ParOldGen       total 77824K, used 4270K [0x000000008ea00000, 0x0000000093600000, 0x00000000da380000)
  object space 77824K, 5% used [0x000000008ea00000,0x000000008ee2bb70,0x0000000093600000)
 Metaspace       used 14574K, capacity 14874K, committed 14976K, reserved 1062912K
  class space    used 1789K, capacity 1901K, committed 1920K, reserved 1048576K
Event: 4.252 GC heap after
Heap after GC invocations=4 (full 0):
 PSYoungGen      total 64000K, used 4591K [0x00000000da380000, 0x00000000de680000, 0x0000000100000000)
  eden space 59392K, 0% used [0x00000000da380000,0x00000000da380000,0x00000000ddd80000)
  from space 4608K, 99% used [0x00000000de200000,0x00000000de67bc40,0x00000000de680000)
  to   space 4608K, 0% used [0x00000000ddd80000,0x00000000ddd80000,0x00000000de200000)
 ParOldGen       total 77824K, used 5948K [0x000000008ea00000, 0x0000000093600000, 0x00000000da380000)
  object space 77824K, 7% used [0x000000008ea00000,0x000000008efcf330,0x0000000093600000)
 Metaspace       used 14574K, capacity 14874K, committed 14976K, reserved 1062912K
  class space    used 1789K, capacity 1901K, committed 1920K, reserved 1048576K
}

