# JRE version: Java(TM) SE Runtime Environment (8.0_211-b12) (build 1.8.0_211-b12)
# Java VM: Java HotSpot(TM) 64-Bit Server VM (25.211-b12 mixed mode linux-amd64 compressed oops)
Heap:
 PSYoungGen      total 64000K, used 22758K [0x00000000da380000, 0x00000000e3280000, 0x0000000100000000)
  eden space 59392K, 30% used [0x00000000da380000,0x00000000db5417b0,0x00000000ddd80000)
  from space 4608K, 99% used [0x00000000ddd80000,0x00000000de1f80b8,0x00000000de200000)
  to   space 13824K, 0% used [0x00000000e2500000,0x00000000e2500000,0x00000000e3280000)
 ParOldGen       total 77824K, used 14753K [0x000000008ea00000, 0x0000000093600000, 0x00000000da380000)
  object space 77824K, 18% used [0x000000008ea00000,0x000000008f868510,0x0000000093600000)
 Metaspace       used 14239K, capacity 14602K, committed 14976K, reserved 1062912K
  class space    used 1713K, capacity 1837K, committed 1920K, reserved 1048576K
GC Heap History (10 events):
Event: 3.655 GC heap before
{Heap before GC invocations=1 (full 0):
 PSYoungGen      total 34304K, used 29696K [0x00000000da380000, 0x00000000dc980000, 0x0000000100000000)
  eden space 29696K, 100% used [0x00000000da380000,0x00000000dc080000,0x00000000dc080000)
  from space 4608K, 0% used [0x00000000dc500000,0x00000000dc500000,0x00000000dc980000)
  to   space 4608K, 0% used [0x00000000dc080000,0x00000000dc080000,0x00000000dc500000)
 ParOldGen       total 77824K, used 0K [0x000000008ea00000, 0x0000000093600000, 0x00000000da380000)
  object space 77824K, 0% used [0x000000008ea00000,0x000000008ea00000,0x0000000093600000)
 Metaspace       used 9374K, capacity 9528K, committed 9600K, reserved 1058816K
  class space    used 1047K, capacity 1113K, committed 1152K, reserved 1048576K
Event: 3.673 GC heap after
Heap after GC invocations=1 (full 0):
 PSYoungGen      total 34304K, used 4578K [0x00000000da380000, 0x00000000dc980000, 0x0000000100000000)
  eden space 29696K, 0% used [0x00000000da380000,0x00000000da380000,0x00000000dc080000)
  from space 4608K, 99% used [0x00000000dc080000,0x00000000dc4f89e8,0x00000000dc500000)
  to   space 4608K, 0% used [0x00000000dc500000,0x00000000dc500000,0x00000000dc980000)
 ParOldGen       total 77824K, used 2125K [0x000000008ea00000, 0x0000000093600000, 0x00000000da380000)
  object space 77824K, 2% used [0x000000008ea00000,0x000000008ec13640,0x0000000093600000)
 Metaspace       used 9374K, capacity 9528K, committed 9600K, reserved 1058816K
  class space    used 1047K, capacity 1113K, committed 1152K, reserved 1048576K
}
Event: 4.739 GC heap before
{Heap before GC invocations=2 (full 0):
 PSYoungGen      total 34304K, used 34274K [0x00000000da380000, 0x00000000dc980000, 0x0000000100000000)
  eden space 29696K, 100% used [0x00000000da380000,0x00000000dc080000,0x00000000dc080000)
  from space 4608K, 99% used [0x00000000dc080000,0x00000000dc4f89e8,0x00000000dc500000)
  to   space 4608K, 0% used [0x00000000dc500000,0x00000000dc500000,0x00000000dc980000)
 ParOldGen       total 77824K, used 2125K [0x000000008ea00000, 0x0000000093600000, 0x00000000da380000)
  object space 77824K, 2% used [0x000000008ea00000,0x000000008ec13640,0x0000000093600000)
 Metaspace       used 11066K, capacity 11344K, committed 11392K, reserved 1058816K
  class space    used 1284K, capacity 1379K, committed 1408K, reserved 1048576K
Event: 4.763 GC heap after
Heap after GC invocations=2 (full 0):
 PSYoungGen      total 34304K, used 4592K [0x00000000da380000, 0x00000000de680000, 0x0000000100000000)
  eden space 29696K, 0% used [0x00000000da380000,0x00000000da380000,0x00000000dc080000)
  from space 4608K, 99% used [0x00000000dc500000,0x00000000dc97c010,0x00000000dc980000)
  to   space 4608K, 0% used [0x00000000dc080000,0x00000000dc080000,0x00000000dc500000)
 ParOldGen       total 77824K, used 7840K [0x000000008ea00000, 0x0000000093600000, 0x00000000da380000)
  object space 77824K, 10% used [0x000000008ea00000,0x000000008f1a81d8,0x0000000093600000)
 Metaspace       used 11066K, capacity 11344K, committed 11392K, reserved 1058816K
  class space    used 1284K, capacity 1379K, committed 1408K, reserved 1048576K
}
Event: 4.980 GC heap before
{Heap before GC invocations=3 (full 0):
 PSYoungGen      total 34304K, used 34288K [0x00000000da380000, 0x00000000de680000, 0x0000000100000000)
  eden space 29696K, 100% used [0x00000000da380000,0x00000000dc080000,0x00000000dc080000)
  from space 4608K, 99% used [0x00000000dc500000,0x00000000dc97c010,0x00000000dc980000)
  to   space 4608K, 0% used [0x00000000dc080000,0x00000000dc080000,0x00000000dc500000)
 ParOldGen       total 77824K, used 7840K [0x000000008ea00000, 0x0000000093600000, 0x00000000da380000)
  object space 77824K, 10% used [0x000000008ea00000,0x000000008f1a81d8,0x0000000093600000)
 Metaspace       used 11089K, capacity 11358K, committed 11392K, reserved 1058816K
  class space    used 1291K, capacity 1385K, committed 1408K, reserved 1048576K
Event: 4.991 GC heap after
Heap after GC invocations=3 (full 0):
 PSYoungGen      total 34304K, used 4576K [0x00000000da380000, 0x00000000de680000, 0x0000000100000000)
  eden space 29696K, 0% used [0x00000000da380000,0x00000000da380000,0x00000000dc080000)
  from space 4608K, 99% used [0x00000000dc080000,0x00000000dc4f8020,0x00000000dc500000)
  to   space 4608K, 0% used [0x00000000de200000,0x00000000de200000,0x00000000de680000)
 ParOldGen       total 77824K, used 7944K [0x000000008ea00000, 0x0000000093600000, 0x00000000da380000)
  object space 77824K, 10% used [0x000000008ea00000,0x000000008f1c21d8,0x0000000093600000)
 Metaspace       used 11089K, capacity 11358K, committed 11392K, reserved 1058816K
  class space    used 1291K, capacity 1385K, committed 1408K, reserved 1048576K
}
Event: 5.216 GC heap before
{Heap before GC invocations=4 (full 0):
 PSYoungGen      total 34304K, used 34272K [0x00000000da380000, 0x00000000de680000, 0x0000000100000000)
  eden space 29696K, 100% used [0x00000000da380000,0x00000000dc080000,0x00000000dc080000)
  from space 4608K, 99% used [0x00000000dc080000,0x00000000dc4f8020,0x00000000dc500000)
  to   space 4608K, 0% used [0x00000000de200000,0x00000000de200000,0x00000000de680000)
 ParOldGen       total 77824K, used 7944K [0x000000008ea00000, 0x0000000093600000, 0x00000000da380000)
  object space 77824K, 10% used [0x000000008ea00000,0x000000008f1c21d8,0x0000000093600000)
 Metaspace       used 11091K, capacity 11358K, committed 11392K, reserved 1058816K
  class space    used 1291K, capacity 1385K, committed 1408K, reserved 1048576K
Event: 5.230 GC heap after
Heap after GC invocations=4 (full 0):
 PSYoungGen      total 64000K, used 4576K [0x00000000da380000, 0x00000000de680000, 0x0000000100000000)
  eden space 59392K, 0% used [0x00000000da380000,0x00000000da380000,0x00000000ddd80000)
  from space 4608K, 99% used [0x00000000de200000,0x00000000de678098,0x00000000de680000)
  to   space 4608K, 0% used [0x00000000ddd80000,0x00000000ddd80000,0x00000000de200000)
 ParOldGen       total 77824K, used 8048K [0x000000008ea00000, 0x0000000093600000, 0x00000000da380000)
  object space 77824K, 10% used [0x000000008ea00000,0x000000008f1dc1d8,0x0000000093600000)
 Metaspace       used 11091K, capacity 11358K, committed 11392K, reserved 1058816K
  class space    used 1291K, capacity 1385K, committed 1408K, reserved 1048576K
}
Event: 6.487 GC heap before
{Heap before GC invocations=5 (full 0):
 PSYoungGen      total 64000K, used 63968K [0x00000000da380000, 0x00000000de680000, 0x0000000100000000)
  eden space 59392K, 100% used [0x00000000da380000,0x00000000ddd80000,0x00000000ddd80000)
  from space 4608K, 99% used [0x00000000de200000,0x00000000de678098,0x00000000de680000)
  to   space 4608K, 0% used [0x00000000ddd80000,0x00000000ddd80000,0x00000000de200000)
 ParOldGen       total 77824K, used 8048K [0x000000008ea00000, 0x0000000093600000, 0x00000000da380000)
  object space 77824K, 10% used [0x000000008ea00000,0x000000008f1dc1d8,0x0000000093600000)
 Metaspace       used 13294K, capacity 13636K, committed 13824K, reserved 1060864K
  class space    used 1635K, capacity 1772K, committed 1792K, reserved 1048576K
Event: 6.514 GC heap after
Heap after GC invocations=5 (full 0):
 PSYoungGen      total 64000K, used 4576K [0x00000000da380000, 0x00000000e3280000, 0x0000000100000000)
  eden space 59392K, 0% used [0x00000000da380000,0x00000000da380000,0x00000000ddd80000)
  from space 4608K, 99% used [0x00000000ddd80000,0x00000000de1f80b8,0x00000000de200000)
  to   space 13824K, 0% used [0x00000000e2500000,0x00000000e2500000,0x00000000e3280000)
 ParOldGen       total 77824K, used 14753K [0x000000008ea00000, 0x0000000093600000, 0x00000000da380000)
  object space 77824K, 18% used [0x000000008ea00000,0x000000008f868510,0x0000000093600000)
 Metaspace       used 13294K, capacity 13636K, committed 13824K, reserved 1060864K
  class space    used 1635K, capacity 1772K, committed 1792K, reserved 1048576K
}

