# JRE version: Java(TM) SE Runtime Environment (8.0_211-b12) (build 1.8.0_211-b12)
# Java VM: Java HotSpot(TM) 64-Bit Server VM (25.211-b12 mixed mode linux-amd64 compressed oops)
Heap:
 PSYoungGen      total 208896K, used 82180K [0x00000000f0000000, 0x0000000100000000, 0x0000000100000000)
  eden space 176640K, 28% used [0x00000000f0000000,0x00000000f31218c8,0x00000000fac80000)
  from space 32256K, 98% used [0x00000000fac80000,0x00000000fcb9fa98,0x00000000fcc00000)
  to   space 44544K, 0% used [0x00000000fd480000,0x00000000fd480000,0x0000000100000000)
 ParOldGen       total 524288K, used 258563K [0x00000000d0000000, 0x00000000f0000000, 0x00000000f0000000)
  object space 524288K, 49% used [0x00000000d0000000,0x00000000dfc80e20,0x00000000f0000000)
 Metaspace       used 91284K, capacity 92764K, committed 92952K, reserved 1132544K
  class space    used 9561K, capacity 9917K, committed 10032K, reserved 1048576K
GC Heap History (10 events):
Event: 215.799 GC heap before
{Heap before GC invocations=56 (full 3):
 PSYoungGen      total 214016K, used 185454K [0x00000000f0000000, 0x0000000100000000, 0x0000000100000000)
  eden space 164352K, 100% used [0x00000000f0000000,0x00000000fa080000,0x00000000fa080000)
  from space 49664K, 42% used [0x00000000fcf80000,0x00000000fe41b9d0,0x0000000100000000)
  to   space 48128K, 0% used [0x00000000fa080000,0x00000000fa080000,0x00000000fcf80000)
 ParOldGen       total 524288K, used 258555K [0x00000000d0000000, 0x00000000f0000000, 0x00000000f0000000)
  object space 524288K, 49% used [0x00000000d0000000,0x00000000dfc7ee20,0x00000000f0000000)
 Metaspace       used 89929K, capacity 91342K, committed 91672K, reserved 1130496K
  class space    used 9352K, capacity 9717K, committed 9776K, reserved 1048576K
Event: 215.848 GC heap after
Heap after GC invocations=56 (full 3):
 PSYoungGen      total 212480K, used 20933K [0x00000000f0000000, 0x0000000100000000, 0x0000000100000000)
  eden space 164352K, 0% used [0x00000000f0000000,0x00000000f0000000,0x00000000fa080000)
  from space 48128K, 43% used [0x00000000fa080000,0x00000000fb4f15e8,0x00000000fcf80000)
  to   space 46592K, 0% used [0x00000000fd280000,0x00000000fd280000,0x0000000100000000)
 ParOldGen       total 524288K, used 258555K [0x00000000d0000000, 0x00000000f0000000, 0x00000000f0000000)
  object space 524288K, 49% used [0x00000000d0000000,0x00000000dfc7ee20,0x00000000f0000000)
 Metaspace       used 89929K, capacity 91342K, committed 91672K, reserved 1130496K
  class space    used 9352K, capacity 9717K, committed 9776K, reserved 1048576K
}
Event: 218.302 GC heap before
{Heap before GC invocations=57 (full 3):
 PSYoungGen      total 212480K, used 185285K [0x00000000f0000000, 0x0000000100000000, 0x0000000100000000)
  eden space 164352K, 100% used [0x00000000f0000000,0x00000000fa080000,0x00000000fa080000)
  from space 48128K, 43% used [0x00000000fa080000,0x00000000fb4f15e8,0x00000000fcf80000)
  to   space 46592K, 0% used [0x00000000fd280000,0x00000000fd280000,0x0000000100000000)
 ParOldGen       total 524288K, used 258555K [0x00000000d0000000, 0x00000000f0000000, 0x00000000f0000000)
  object space 524288K, 49% used [0x00000000d0000000,0x00000000dfc7ee20,0x00000000f0000000)
 Metaspace       used 89929K, capacity 91342K, committed 91672K, reserved 1130496K
  class space    used 9352K, capacity 9717K, committed 9776K, reserved 1048576K
Event: 218.352 GC heap after
Heap after GC invocations=57 (full 3):
 PSYoungGen      total 217600K, used 21077K [0x00000000f0000000, 0x0000000100000000, 0x0000000100000000)
  eden space 171008K, 0% used [0x00000000f0000000,0x00000000f0000000,0x00000000fa700000)
  from space 46592K, 45% used [0x00000000fd280000,0x00000000fe715618,0x0000000100000000)
  to   space 44544K, 0% used [0x00000000fa700000,0x00000000fa700000,0x00000000fd280000)
 ParOldGen       total 524288K, used 258555K [0x00000000d0000000, 0x00000000f0000000, 0x00000000f0000000)
  object space 524288K, 49% used [0x00000000d0000000,0x00000000dfc7ee20,0x00000000f0000000)
 Metaspace       used 89929K, capacity 91342K, committed 91672K, reserved 1130496K
  class space    used 9352K, capacity 9717K, committed 9776K, reserved 1048576K
}
Event: 220.907 GC heap before
{Heap before GC invocations=58 (full 3):
 PSYoungGen      total 217600K, used 192085K [0x00000000f0000000, 0x0000000100000000, 0x0000000100000000)
  eden space 171008K, 100% used [0x00000000f0000000,0x00000000fa700000,0x00000000fa700000)
  from space 46592K, 45% used [0x00000000fd280000,0x00000000fe715618,0x0000000100000000)
  to   space 44544K, 0% used [0x00000000fa700000,0x00000000fa700000,0x00000000fd280000)
 ParOldGen       total 524288K, used 258555K [0x00000000d0000000, 0x00000000f0000000, 0x00000000f0000000)
  object space 524288K, 49% used [0x00000000d0000000,0x00000000dfc7ee20,0x00000000f0000000)
 Metaspace       used 89932K, capacity 91342K, committed 91672K, reserved 1130496K
  class space    used 9353K, capacity 9717K, committed 9776K, reserved 1048576K
Event: 220.966 GC heap after
Heap after GC invocations=58 (full 3):
 PSYoungGen      total 215552K, used 21221K [0x00000000f0000000, 0x0000000100000000, 0x0000000100000000)
  eden space 171008K, 0% used [0x00000000f0000000,0x00000000f0000000,0x00000000fa700000)
  from space 44544K, 47% used [0x00000000fa700000,0x00000000fbbb9608,0x00000000fd280000)
  to   space 43520K, 0% used [0x00000000fd580000,0x00000000fd580000,0x0000000100000000)
 ParOldGen       total 524288K, used 258555K [0x00000000d0000000, 0x00000000f0000000, 0x00000000f0000000)
  object space 524288K, 49% used [0x00000000d0000000,0x00000000dfc7ee20,0x00000000f0000000)
 Metaspace       used 89932K, capacity 91342K, committed 91672K, reserved 1130496K
  class space    used 9353K, capacity 9717K, committed 9776K, reserved 1048576K
}
Event: 223.484 GC heap before
{Heap before GC invocations=59 (full 3):
 PSYoungGen      total 215552K, used 192229K [0x00000000f0000000, 0x0000000100000000, 0x0000000100000000)
  eden space 171008K, 100% used [0x00000000f0000000,0x00000000fa700000,0x00000000fa700000)
  from space 44544K, 47% used [0x00000000fa700000,0x00000000fbbb9608,0x00000000fd280000)
  to   space 43520K, 0% used [0x00000000fd580000,0x00000000fd580000,0x0000000100000000)
 ParOldGen       total 524288K, used 258555K [0x00000000d0000000, 0x00000000f0000000, 0x00000000f0000000)
  object space 524288K, 49% used [0x00000000d0000000,0x00000000dfc7ee20,0x00000000f0000000)
 Metaspace       used 89932K, capacity 91342K, committed 91672K, reserved 1130496K
  class space    used 9353K, capacity 9717K, committed 9776K, reserved 1048576K
Event: 223.539 GC heap after
Heap after GC invocations=59 (full 3):
 PSYoungGen      total 220160K, used 21349K [0x00000000f0000000, 0x0000000100000000, 0x0000000100000000)
  eden space 176640K, 0% used [0x00000000f0000000,0x00000000f0000000,0x00000000fac80000)
  from space 43520K, 49% used [0x00000000fd580000,0x00000000fea59608,0x0000000100000000)
  to   space 41984K, 0% used [0x00000000fac80000,0x00000000fac80000,0x00000000fd580000)
 ParOldGen       total 524288K, used 258555K [0x00000000d0000000, 0x00000000f0000000, 0x00000000f0000000)
  object space 524288K, 49% used [0x00000000d0000000,0x00000000dfc7ee20,0x00000000f0000000)
 Metaspace       used 89932K, capacity 91342K, committed 91672K, reserved 1130496K
  class space    used 9353K, capacity 9717K, committed 9776K, reserved 1048576K
}
Event: 225.548 GC heap before
{Heap before GC invocations=60 (full 3):
 PSYoungGen      total 220160K, used 197989K [0x00000000f0000000, 0x0000000100000000, 0x0000000100000000)
  eden space 176640K, 100% used [0x00000000f0000000,0x00000000fac80000,0x00000000fac80000)
  from space 43520K, 49% used [0x00000000fd580000,0x00000000fea59608,0x0000000100000000)
  to   space 41984K, 0% used [0x00000000fac80000,0x00000000fac80000,0x00000000fd580000)
 ParOldGen       total 524288K, used 258555K [0x00000000d0000000, 0x00000000f0000000, 0x00000000f0000000)
  object space 524288K, 49% used [0x00000000d0000000,0x00000000dfc7ee20,0x00000000f0000000)
 Metaspace       used 90510K, capacity 91916K, committed 92312K, reserved 1132544K
  class space    used 9446K, capacity 9781K, committed 9904K, reserved 1048576K
Event: 225.631 GC heap after
Heap after GC invocations=60 (full 3):
 PSYoungGen      total 208896K, used 31870K [0x00000000f0000000, 0x0000000100000000, 0x0000000100000000)
  eden space 176640K, 0% used [0x00000000f0000000,0x00000000f0000000,0x00000000fac80000)
  from space 32256K, 98% used [0x00000000fac80000,0x00000000fcb9fa98,0x00000000fcc00000)
  to   space 44544K, 0% used [0x00000000fd480000,0x00000000fd480000,0x0000000100000000)
 ParOldGen       total 524288K, used 258563K [0x00000000d0000000, 0x00000000f0000000, 0x00000000f0000000)
  object space 524288K, 49% used [0x00000000d0000000,0x00000000dfc80e20,0x00000000f0000000)
 Metaspace       used 90510K, capacity 91916K, committed 92312K, reserved 1132544K
  class space    used 9446K, capacity 9781K, committed 9904K, reserved 1048576K
}

